--------------------------------|----------|----------|----------|----------|----------------|
File                            |  % Stmts | % Branch |  % Funcs |  % Lines |Uncovered Lines |
--------------------------------|----------|----------|----------|----------|----------------|
 [91mmanageawb\                    [0m |[91m    21.48[0m |[91m     9.58[0m |[91m    15.54[0m |[91m    21.48[0m |[91m               [0m |
  [91mroutingDirectiveController.js[0m |[91m    21.48[0m |[91m     9.58[0m |[91m    15.54[0m |[91m    21.48[0m |[91m... 4,4268,4269[0m |
--------------------------------|----------|----------|----------|----------|----------------|
[91mAll files                      [0m |[91m    21.48[0m |[91m     9.58[0m |[91m    15.54[0m |[91m    21.48[0m |[91m               [0m |
--------------------------------|----------|----------|----------|----------|----------------|
