{
"D:\\Users\\kdandang\\Documents\\Southwest Airlines\\Cargo App\\20160229\\cargo-web\\src\\main\\webapp\\modules\\manageawb\\routingDirectiveController.js":{"path":"D:\\Users\\kdandang\\Documents\\Southwest Airlines\\Cargo App\\20160229\\cargo-web\\src\\main\\webapp\\modules\\manageawb\\routingDirectiveController.js","s":{"1":1,"2":11,"3":11,"4":11,"5":11,"6":11,"7":11,"8":11,"9":11,"10":11,"11":11,"12":11,"13":11,"14":11,"15":11,"16":11,"17":11,"18":11,"19":11,"20":11,"21":11,"22":11,"23":11,"24":11,"25":11,"26":11,"27":11,"28":11,"29":11,"30":11,"31":11,"32":11,"33":11,"34":11,"35":11,"36":11,"37":11,"38":11,"39":11,"40":11,"41":11,"42":11,"43":11,"44":11,"45":11,"46":11,"47":11,"48":11,"49":11,"50":11,"51":11,"52":11,"53":11,"54":11,"55":11,"56":11,"57":11,"58":11,"59":11,"60":11,"61":11,"62":11,"63":11,"64":11,"65":11,"66":11,"67":11,"68":11,"69":11,"70":11,"71":2,"72":2,"73":3,"74":3,"75":3,"76":3,"77":3,"78":3,"79":3,"80":3,"81":5,"82":5,"83":5,"84":0,"85":5,"86":5,"87":5,"88":5,"89":3,"90":3,"91":0,"92":3,"93":3,"94":3,"95":3,"96":0,"97":3,"98":3,"99":11,"100":0,"101":0,"102":0,"103":0,"104":0,"105":0,"106":0,"107":11,"108":0,"109":0,"110":0,"111":0,"112":0,"113":0,"114":0,"115":0,"116":0,"117":0,"118":0,"119":0,"120":11,"121":0,"122":0,"123":11,"124":0,"125":0,"126":0,"127":0,"128":0,"129":0,"130":0,"131":0,"132":0,"133":0,"134":0,"135":11,"136":0,"137":11,"138":0,"139":0,"140":0,"141":0,"142":0,"143":0,"144":0,"145":0,"146":0,"147":0,"148":0,"149":11,"150":0,"151":0,"152":0,"153":0,"154":0,"155":0,"156":0,"157":0,"158":0,"159":0,"160":0,"161":0,"162":0,"163":0,"164":0,"165":11,"166":0,"167":0,"168":0,"169":0,"170":0,"171":11,"172":0,"173":0,"174":0,"175":0,"176":0,"177":11,"178":0,"179":0,"180":0,"181":0,"182":0,"183":0,"184":0,"185":11,"186":2,"187":2,"188":2,"189":2,"190":0,"191":2,"192":1,"193":1,"194":1,"195":1,"196":1,"197":1,"198":1,"199":0,"200":1,"201":1,"202":1,"203":2,"204":2,"205":0,"206":0,"207":0,"208":0,"209":0,"210":2,"211":2,"212":2,"213":0,"214":0,"215":0,"216":0,"217":0,"218":0,"219":0,"220":0,"221":0,"222":0,"223":0,"224":0,"225":0,"226":2,"227":2,"228":2,"229":2,"230":2,"231":2,"232":2,"233":0,"234":0,"235":0,"236":0,"237":0,"238":0,"239":0,"240":2,"241":0,"242":0,"243":0,"244":2,"245":0,"246":0,"247":0,"248":2,"249":2,"250":0,"251":2,"252":2,"253":2,"254":2,"255":2,"256":2,"257":2,"258":2,"259":2,"260":2,"261":2,"262":2,"263":0,"264":0,"265":0,"266":0,"267":2,"268":1,"269":1,"270":1,"271":1,"272":1,"273":1,"274":0,"275":0,"276":0,"277":1,"278":1,"279":1,"280":0,"281":0,"282":0,"283":1,"284":1,"285":1,"286":1,"287":1,"288":0,"289":1,"290":1,"291":1,"292":0,"293":0,"294":1,"295":1,"296":0,"297":1,"298":0,"299":1,"300":1,"301":0,"302":2,"303":0,"304":0,"305":0,"306":11,"307":0,"308":0,"309":0,"310":11,"311":1,"312":1,"313":1,"314":1,"315":1,"316":0,"317":1,"318":1,"319":1,"320":1,"321":0,"322":1,"323":1,"324":1,"325":1,"326":1,"327":1,"328":0,"329":0,"330":1,"331":0,"332":0,"333":0,"334":0,"335":1,"336":0,"337":0,"338":11,"339":1,"340":0,"341":0,"342":0,"343":0,"344":0,"345":0,"346":0,"347":0,"348":0,"349":0,"350":0,"351":0,"352":0,"353":0,"354":0,"355":0,"356":0,"357":0,"358":0,"359":0,"360":0,"361":0,"362":0,"363":0,"364":0,"365":0,"366":0,"367":0,"368":0,"369":0,"370":0,"371":0,"372":0,"373":0,"374":0,"375":0,"376":0,"377":0,"378":0,"379":0,"380":1,"381":0,"382":0,"383":1,"384":0,"385":0,"386":0,"387":0,"388":0,"389":1,"390":2,"391":2,"392":1,"393":1,"394":0,"395":0,"396":0,"397":0,"398":0,"399":0,"400":0,"401":0,"402":1,"403":0,"404":1,"405":1,"406":0,"407":1,"408":0,"409":1,"410":11,"411":0,"412":0,"413":0,"414":0,"415":0,"416":11,"417":1,"418":1,"419":0,"420":1,"421":11,"422":3,"423":3,"424":0,"425":11,"426":1,"427":1,"428":1,"429":1,"430":1,"431":1,"432":1,"433":1,"434":1,"435":1,"436":1,"437":1,"438":1,"439":1,"440":1,"441":1,"442":1,"443":1,"444":1,"445":1,"446":3,"447":1,"448":3,"449":1,"450":1,"451":1,"452":1,"453":1,"454":0,"455":0,"456":0,"457":11,"458":2,"459":1,"460":1,"461":1,"462":0,"463":11,"464":1,"465":1,"466":1,"467":1,"468":1,"469":1,"470":0,"471":1,"472":11,"473":0,"474":0,"475":11,"476":2,"477":2,"478":0,"479":2,"480":11,"481":0,"482":0,"483":0,"484":0,"485":0,"486":0,"487":0,"488":0,"489":0,"490":0,"491":0,"492":0,"493":0,"494":0,"495":0,"496":0,"497":0,"498":0,"499":0,"500":0,"501":0,"502":0,"503":0,"504":0,"505":0,"506":0,"507":0,"508":0,"509":0,"510":0,"511":0,"512":0,"513":0,"514":0,"515":0,"516":0,"517":0,"518":0,"519":0,"520":0,"521":0,"522":0,"523":0,"524":0,"525":0,"526":0,"527":0,"528":0,"529":0,"530":0,"531":0,"532":0,"533":0,"534":0,"535":0,"536":0,"537":0,"538":0,"539":0,"540":0,"541":0,"542":0,"543":0,"544":0,"545":0,"546":0,"547":0,"548":0,"549":0,"550":0,"551":0,"552":0,"553":0,"554":0,"555":0,"556":0,"557":0,"558":0,"559":0,"560":0,"561":0,"562":0,"563":0,"564":0,"565":0,"566":0,"567":0,"568":0,"569":0,"570":0,"571":0,"572":0,"573":0,"574":0,"575":0,"576":0,"577":0,"578":0,"579":0,"580":0,"581":0,"582":0,"583":0,"584":0,"585":0,"586":0,"587":0,"588":0,"589":0,"590":0,"591":0,"592":0,"593":0,"594":0,"595":0,"596":0,"597":0,"598":0,"599":0,"600":0,"601":0,"602":0,"603":0,"604":0,"605":0,"606":0,"607":0,"608":0,"609":0,"610":0,"611":0,"612":0,"613":0,"614":0,"615":0,"616":0,"617":0,"618":11,"619":0,"620":0,"621":0,"622":0,"623":0,"624":0,"625":0,"626":0,"627":11,"628":0,"629":0,"630":0,"631":0,"632":0,"633":0,"634":0,"635":0,"636":0,"637":0,"638":0,"639":11,"640":0,"641":0,"642":0,"643":0,"644":0,"645":0,"646":11,"647":1,"648":1,"649":1,"650":0,"651":0,"652":0,"653":0,"654":0,"655":0,"656":0,"657":0,"658":0,"659":0,"660":0,"661":0,"662":1,"663":1,"664":0,"665":0,"666":1,"667":1,"668":1,"669":11,"670":1,"671":1,"672":1,"673":1,"674":1,"675":0,"676":0,"677":1,"678":1,"679":1,"680":0,"681":1,"682":1,"683":1,"684":1,"685":0,"686":1,"687":0,"688":11,"689":0,"690":0,"691":0,"692":0,"693":0,"694":11,"695":1,"696":1,"697":1,"698":0,"699":0,"700":1,"701":1,"702":1,"703":0,"704":0,"705":0,"706":1,"707":1,"708":1,"709":1,"710":1,"711":1,"712":1,"713":1,"714":1,"715":1,"716":1,"717":1,"718":1,"719":1,"720":1,"721":1,"722":0,"723":0,"724":0,"725":11,"726":0,"727":0,"728":0,"729":0,"730":0,"731":0,"732":0,"733":0,"734":0,"735":0,"736":0,"737":0,"738":0,"739":0,"740":11,"741":0,"742":0,"743":0,"744":0,"745":0,"746":0,"747":0,"748":0,"749":0,"750":0,"751":0,"752":0,"753":0,"754":0,"755":0,"756":0,"757":11,"758":1,"759":1,"760":0,"761":0,"762":0,"763":1,"764":11,"765":6,"766":6,"767":1,"768":0,"769":0,"770":6,"771":11,"772":2,"773":2,"774":0,"775":0,"776":0,"777":2,"778":11,"779":6,"780":6,"781":6,"782":0,"783":0,"784":6,"785":11,"786":0,"787":0,"788":0,"789":0,"790":0,"791":0,"792":11,"793":0,"794":0,"795":0,"796":0,"797":0,"798":11,"799":0,"800":0,"801":0,"802":0,"803":0,"804":0,"805":0,"806":11,"807":0,"808":0,"809":0,"810":0,"811":0,"812":0,"813":0,"814":0,"815":0,"816":0,"817":0,"818":0,"819":0,"820":0,"821":0,"822":11,"823":0,"824":0,"825":0,"826":0,"827":0,"828":0,"829":0,"830":0,"831":0,"832":0,"833":0,"834":0,"835":0,"836":0,"837":0,"838":0,"839":0,"840":0,"841":0,"842":0,"843":0,"844":0,"845":0,"846":0,"847":0,"848":0,"849":0,"850":0,"851":0,"852":0,"853":0,"854":0,"855":0,"856":0,"857":11,"858":0,"859":0,"860":0,"861":0,"862":0,"863":0,"864":0,"865":0,"866":0,"867":0,"868":0,"869":0,"870":0,"871":0,"872":0,"873":0,"874":0,"875":0,"876":0,"877":0,"878":0,"879":0,"880":0,"881":0,"882":0,"883":0,"884":0,"885":0,"886":0,"887":0,"888":0,"889":0,"890":0,"891":0,"892":0,"893":0,"894":0,"895":0,"896":0,"897":0,"898":0,"899":0,"900":0,"901":0,"902":0,"903":0,"904":0,"905":0,"906":0,"907":0,"908":11,"909":0,"910":0,"911":0,"912":0,"913":0,"914":11,"915":1,"916":1,"917":1,"918":1,"919":1,"920":1,"921":1,"922":11,"923":2,"924":2,"925":2,"926":2,"927":2,"928":2,"929":2,"930":2,"931":2,"932":2,"933":2,"934":2,"935":2,"936":6,"937":6,"938":6,"939":6,"940":2,"941":2,"942":2,"943":11,"944":11,"945":1,"946":1,"947":1,"948":1,"949":5,"950":5,"951":5,"952":5,"953":5,"954":5,"955":5,"956":5,"957":5,"958":5,"959":5,"960":0,"961":5,"962":0,"963":5,"964":0,"965":5,"966":0,"967":5,"968":0,"969":1,"970":0,"971":11,"972":1,"973":1,"974":1,"975":1,"976":3,"977":0,"978":0,"979":3,"980":2,"981":2,"982":1,"983":1,"984":1,"985":1,"986":3,"987":1,"988":1,"989":1,"990":1,"991":1,"992":1,"993":1,"994":1,"995":0,"996":1,"997":1,"998":1,"999":1,"1000":0,"1001":1,"1002":3,"1003":2,"1004":2,"1005":2,"1006":2,"1007":1,"1008":1,"1009":1,"1010":1,"1011":1,"1012":1,"1013":1,"1014":1,"1015":2,"1016":1,"1017":0,"1018":1,"1019":1,"1020":1,"1021":1,"1022":1,"1023":1,"1024":1,"1025":1,"1026":1,"1027":1,"1028":1,"1029":1,"1030":1,"1031":1,"1032":1,"1033":1,"1034":1,"1035":1,"1036":1,"1037":1,"1038":1,"1039":1,"1040":1,"1041":1,"1042":1,"1043":1,"1044":2,"1045":2,"1046":2,"1047":2,"1048":2,"1049":0,"1050":2,"1051":2,"1052":2,"1053":2,"1054":2,"1055":2,"1056":2,"1057":2,"1058":1,"1059":1,"1060":1,"1061":1,"1062":1,"1063":0,"1064":1,"1065":1,"1066":1,"1067":1,"1068":1,"1069":1,"1070":1,"1071":1,"1072":1,"1073":1,"1074":1,"1075":1,"1076":1,"1077":1,"1078":1,"1079":1,"1080":1,"1081":1,"1082":0,"1083":0,"1084":0,"1085":0,"1086":1,"1087":1,"1088":1,"1089":1,"1090":0,"1091":0,"1092":1,"1093":1,"1094":1,"1095":1,"1096":2,"1097":1,"1098":1,"1099":1,"1100":1,"1101":1,"1102":1,"1103":1,"1104":1,"1105":1,"1106":1,"1107":1,"1108":1,"1109":0,"1110":1,"1111":1,"1112":1,"1113":3,"1114":6,"1115":2,"1116":1,"1117":3,"1118":1,"1119":1,"1120":1,"1121":1,"1122":1,"1123":1,"1124":0,"1125":0,"1126":0,"1127":0,"1128":0,"1129":0,"1130":0,"1131":0,"1132":0,"1133":0,"1134":0,"1135":0,"1136":0,"1137":0,"1138":0,"1139":0,"1140":0,"1141":0,"1142":0,"1143":0,"1144":0,"1145":0,"1146":0,"1147":0,"1148":0,"1149":0,"1150":0,"1151":0,"1152":0,"1153":0,"1154":0,"1155":0,"1156":0,"1157":0,"1158":1,"1159":1,"1160":1,"1161":1,"1162":0,"1163":11,"1164":0,"1165":0,"1166":0,"1167":0,"1168":0,"1169":0,"1170":0,"1171":0,"1172":11,"1173":0,"1174":0,"1175":0,"1176":0,"1177":11,"1178":0,"1179":0,"1180":0,"1181":0,"1182":0,"1183":0,"1184":0,"1185":0,"1186":0,"1187":11,"1188":3,"1189":3,"1190":3,"1191":3,"1192":0,"1193":3,"1194":4,"1195":4,"1196":4,"1197":7,"1198":4,"1199":4,"1200":3,"1201":3,"1202":4,"1203":3,"1204":1,"1205":4,"1206":11,"1207":3,"1208":3,"1209":3,"1210":3,"1211":11,"1212":0,"1213":0,"1214":0,"1215":0,"1216":11,"1217":0,"1218":0,"1219":0,"1220":0,"1221":0,"1222":0,"1223":0,"1224":11,"1225":0,"1226":0,"1227":0,"1228":0,"1229":0,"1230":0,"1231":0,"1232":0,"1233":0,"1234":0,"1235":0,"1236":0,"1237":0,"1238":0,"1239":0,"1240":0,"1241":0,"1242":0,"1243":0,"1244":0,"1245":0,"1246":0,"1247":0,"1248":0,"1249":0,"1250":0,"1251":0,"1252":0,"1253":0,"1254":0,"1255":0,"1256":0,"1257":0,"1258":0,"1259":0,"1260":0,"1261":0,"1262":0,"1263":0,"1264":0,"1265":0,"1266":0,"1267":0,"1268":0,"1269":0,"1270":0,"1271":0,"1272":0,"1273":0,"1274":0,"1275":0,"1276":0,"1277":0,"1278":0,"1279":0,"1280":0,"1281":0,"1282":0,"1283":0,"1284":11,"1285":2,"1286":2,"1287":2,"1288":2,"1289":2,"1290":2,"1291":2,"1292":0,"1293":11,"1294":0,"1295":11,"1296":0,"1297":0,"1298":0,"1299":0,"1300":0,"1301":0,"1302":0,"1303":0,"1304":0,"1305":0,"1306":0,"1307":0,"1308":0,"1309":0,"1310":0,"1311":0,"1312":0,"1313":0,"1314":0,"1315":0,"1316":0,"1317":0,"1318":0,"1319":0,"1320":0,"1321":0,"1322":0,"1323":0,"1324":0,"1325":0,"1326":0,"1327":0,"1328":0,"1329":0,"1330":0,"1331":0,"1332":0,"1333":0,"1334":0,"1335":0,"1336":0,"1337":0,"1338":0,"1339":0,"1340":0,"1341":0,"1342":0,"1343":0,"1344":0,"1345":0,"1346":0,"1347":0,"1348":0,"1349":0,"1350":0,"1351":0,"1352":0,"1353":0,"1354":0,"1355":0,"1356":0,"1357":0,"1358":0,"1359":0,"1360":0,"1361":0,"1362":0,"1363":0,"1364":0,"1365":0,"1366":0,"1367":0,"1368":0,"1369":0,"1370":0,"1371":0,"1372":0,"1373":0,"1374":0,"1375":0,"1376":0,"1377":0,"1378":0,"1379":0,"1380":0,"1381":0,"1382":0,"1383":0,"1384":0,"1385":0,"1386":0,"1387":0,"1388":0,"1389":0,"1390":0,"1391":0,"1392":0,"1393":0,"1394":0,"1395":0,"1396":0,"1397":0,"1398":0,"1399":0,"1400":0,"1401":0,"1402":0,"1403":0,"1404":0,"1405":0,"1406":0,"1407":0,"1408":0,"1409":0,"1410":0,"1411":0,"1412":0,"1413":0,"1414":0,"1415":0,"1416":0,"1417":0,"1418":0,"1419":0,"1420":0,"1421":0,"1422":0,"1423":0,"1424":11,"1425":0,"1426":0,"1427":0,"1428":0,"1429":0,"1430":0,"1431":0,"1432":0,"1433":0,"1434":0,"1435":0,"1436":0,"1437":0,"1438":0,"1439":0,"1440":0,"1441":0,"1442":0,"1443":0,"1444":0,"1445":0,"1446":0,"1447":0,"1448":0,"1449":0,"1450":0,"1451":0,"1452":0,"1453":0,"1454":0,"1455":0,"1456":0,"1457":0,"1458":0,"1459":0,"1460":0,"1461":0,"1462":0,"1463":0,"1464":0,"1465":0,"1466":0,"1467":0,"1468":0,"1469":0,"1470":11,"1471":1,"1472":1,"1473":1,"1474":1,"1475":1,"1476":0,"1477":1,"1478":0,"1479":0,"1480":0,"1481":1,"1482":1,"1483":1,"1484":1,"1485":1,"1486":1,"1487":1,"1488":1,"1489":0,"1490":0,"1491":0,"1492":0,"1493":1,"1494":1,"1495":0,"1496":0,"1497":1,"1498":1,"1499":1,"1500":1,"1501":1,"1502":1,"1503":1,"1504":1,"1505":1,"1506":1,"1507":1,"1508":1,"1509":1,"1510":1,"1511":0,"1512":1,"1513":1,"1514":1,"1515":0,"1516":1,"1517":1,"1518":1,"1519":1,"1520":1,"1521":1,"1522":0,"1523":0,"1524":0,"1525":0,"1526":0,"1527":0,"1528":0,"1529":1,"1530":1,"1531":1,"1532":1,"1533":1,"1534":1,"1535":1,"1536":1,"1537":1,"1538":1,"1539":1,"1540":1,"1541":1,"1542":1,"1543":1,"1544":1,"1545":1,"1546":1,"1547":0,"1548":0,"1549":0,"1550":0,"1551":0,"1552":0,"1553":0,"1554":0,"1555":0,"1556":0,"1557":0,"1558":0,"1559":0,"1560":0,"1561":0,"1562":0,"1563":0,"1564":0,"1565":0,"1566":0,"1567":0,"1568":0,"1569":0,"1570":0,"1571":0,"1572":0,"1573":0,"1574":0,"1575":0,"1576":0,"1577":0,"1578":0,"1579":0,"1580":0,"1581":0,"1582":0,"1583":0,"1584":0,"1585":0,"1586":1,"1587":1,"1588":1,"1589":0,"1590":0,"1591":0,"1592":0,"1593":1,"1594":0,"1595":0,"1596":0,"1597":0,"1598":0,"1599":0,"1600":0,"1601":0,"1602":0,"1603":0,"1604":0,"1605":0,"1606":0,"1607":0,"1608":0,"1609":0,"1610":0,"1611":0,"1612":0,"1613":0,"1614":0,"1615":0,"1616":0,"1617":0,"1618":0,"1619":0,"1620":0,"1621":0,"1622":0,"1623":0,"1624":0,"1625":0,"1626":0,"1627":0,"1628":0,"1629":0,"1630":0,"1631":0,"1632":0,"1633":0,"1634":0,"1635":0,"1636":0,"1637":0,"1638":0,"1639":0,"1640":0,"1641":0,"1642":0,"1643":0,"1644":0,"1645":0,"1646":0,"1647":0,"1648":0,"1649":0,"1650":0,"1651":0,"1652":0,"1653":0,"1654":0,"1655":0,"1656":0,"1657":0,"1658":0,"1659":0,"1660":0,"1661":0,"1662":0,"1663":0,"1664":0,"1665":0,"1666":0,"1667":0,"1668":0,"1669":0,"1670":0,"1671":0,"1672":0,"1673":0,"1674":0,"1675":0,"1676":0,"1677":1,"1678":1,"1679":1,"1680":1,"1681":1,"1682":0,"1683":1,"1684":0,"1685":0,"1686":0,"1687":1,"1688":1,"1689":0,"1690":0,"1691":0,"1692":0,"1693":0,"1694":0,"1695":0,"1696":0,"1697":0,"1698":0,"1699":0,"1700":0,"1701":0,"1702":0,"1703":0,"1704":0,"1705":0,"1706":0,"1707":0,"1708":0,"1709":0,"1710":0,"1711":0,"1712":0,"1713":0,"1714":0,"1715":11,"1716":0,"1717":0,"1718":0,"1719":0,"1720":0,"1721":0,"1722":0,"1723":0,"1724":0,"1725":0,"1726":0,"1727":11,"1728":0,"1729":0,"1730":0,"1731":0,"1732":0,"1733":0,"1734":0,"1735":0,"1736":0,"1737":0,"1738":0,"1739":0,"1740":0,"1741":11,"1742":0,"1743":0,"1744":0,"1745":0,"1746":0,"1747":0,"1748":0,"1749":11,"1750":0,"1751":0,"1752":0,"1753":0,"1754":0,"1755":0,"1756":0,"1757":0,"1758":11,"1759":0,"1760":0,"1761":0,"1762":0,"1763":0,"1764":0,"1765":0,"1766":0,"1767":0,"1768":11,"1769":2,"1770":2,"1771":0,"1772":0,"1773":0,"1774":0,"1775":0,"1776":0,"1777":0,"1778":0,"1779":0,"1780":0,"1781":0,"1782":0,"1783":0,"1784":0,"1785":0,"1786":0,"1787":0,"1788":0,"1789":0,"1790":2,"1791":11,"1792":0,"1793":0,"1794":0,"1795":0,"1796":0,"1797":0,"1798":0,"1799":0,"1800":0,"1801":11,"1802":1,"1803":1,"1804":1,"1805":1,"1806":1,"1807":1,"1808":1,"1809":0,"1810":0,"1811":0,"1812":0,"1813":0,"1814":1,"1815":1,"1816":1,"1817":1,"1818":1,"1819":1,"1820":1,"1821":0,"1822":1,"1823":1,"1824":0,"1825":1,"1826":1,"1827":1,"1828":1,"1829":1,"1830":0,"1831":0,"1832":0,"1833":0,"1834":1,"1835":0,"1836":1,"1837":1,"1838":1,"1839":1,"1840":1,"1841":1,"1842":1,"1843":1,"1844":1,"1845":1,"1846":1,"1847":1,"1848":1,"1849":0,"1850":1,"1851":2,"1852":2,"1853":2,"1854":2,"1855":2,"1856":0,"1857":2,"1858":0,"1859":1,"1860":1,"1861":1,"1862":1,"1863":1,"1864":1,"1865":1,"1866":0,"1867":0,"1868":0,"1869":0,"1870":0,"1871":0,"1872":0,"1873":0,"1874":0,"1875":0,"1876":0,"1877":1,"1878":1,"1879":1,"1880":0,"1881":0,"1882":0,"1883":0,"1884":0,"1885":0,"1886":0,"1887":0,"1888":0,"1889":0,"1890":0,"1891":0,"1892":0,"1893":0,"1894":0,"1895":0,"1896":0,"1897":0,"1898":0,"1899":0,"1900":0,"1901":0,"1902":0,"1903":0,"1904":0,"1905":0,"1906":0,"1907":0,"1908":0,"1909":0,"1910":0,"1911":0,"1912":0,"1913":1,"1914":1,"1915":0,"1916":0,"1917":0,"1918":0,"1919":0,"1920":0,"1921":0,"1922":0,"1923":0,"1924":0,"1925":0,"1926":0,"1927":0,"1928":0,"1929":0,"1930":0,"1931":0,"1932":0,"1933":0,"1934":0,"1935":0,"1936":0,"1937":0,"1938":0,"1939":1,"1940":0,"1941":1,"1942":11,"1943":0,"1944":0,"1945":11,"1946":0,"1947":0,"1948":0,"1949":0,"1950":11,"1951":0,"1952":0,"1953":0,"1954":0},"b":{"1":[5,0],"2":[3,0],"3":[3,0],"4":[0,0],"5":[0,0],"6":[0,0],"7":[0,0],"8":[0,0],"9":[0,0],"10":[0,0],"11":[0,0],"12":[0,0],"13":[0,0,0],"14":[0,0],"15":[0,0],"16":[0,0],"17":[0,0],"18":[0,0],"19":[0,0],"20":[0,0],"21":[0,0,0],"22":[2,0],"23":[2,2,2,2],"24":[2,0],"25":[1,1],"26":[1,0],"27":[0,1],"28":[0,2],"29":[2,0],"30":[0,2],"31":[0,0],"32":[0,2],"33":[2,2,2,0],"34":[0,2],"35":[2,0,0],"36":[2,0],"37":[0,2],"38":[2,2,2],"39":[1,1],"40":[2,1,0],"41":[0,1],"42":[1,0],"43":[0,1],"44":[1,0,0,0,0],"45":[1,0],"46":[0,1],"47":[1,0],"48":[1,1],"49":[0,1],"50":[1,0],"51":[1,0],"52":[1,1,1],"53":[0,1],"54":[1,1],"55":[1,0],"56":[1,0,0],"57":[1,0],"58":[1,0],"59":[1,0],"60":[1,1,1],"61":[0,1],"62":[1,0],"63":[0,1],"64":[0,1],"65":[1,0],"66":[0,0],"67":[0,0],"68":[0,0],"69":[0,0],"70":[0,0],"71":[0,0],"72":[0,0],"73":[0,0],"74":[0,0,0,0,0],"75":[0,0],"76":[0,0],"77":[0,0],"78":[0,0],"79":[0,0,0],"80":[1,1],"81":[2,1],"82":[0,0],"83":[0,0],"84":[0,0],"85":[0,1],"86":[0,1],"87":[1,0],"88":[0,1],"89":[1,1],"90":[0,0],"91":[0,0],"92":[0,0,0],"93":[1,0],"94":[1,1],"95":[3,0],"96":[3,3,3],"97":[1,0],"98":[1,0],"99":[1,0],"100":[1,1],"101":[0,1],"102":[1,0],"103":[0,1],"104":[0,0],"105":[0,0],"106":[0,2],"107":[0,0],"108":[0,0],"109":[0,0],"110":[0,0],"111":[0,0],"112":[0,0],"113":[0,0],"114":[0,0],"115":[0,0],"116":[0,0],"117":[0,0],"118":[0,0],"119":[0,0],"120":[0,0],"121":[0,0],"122":[0,0],"123":[0,0],"124":[0,0],"125":[0,0],"126":[0,0],"127":[0,0],"128":[0,0],"129":[0,0],"130":[0,0],"131":[0,0],"132":[0,0],"133":[0,0],"134":[0,0],"135":[0,0],"136":[0,0],"137":[0,0,0],"138":[0,0],"139":[0,0],"140":[0,0],"141":[0,0],"142":[0,0],"143":[0,0],"144":[0,0],"145":[0,1],"146":[1,1],"147":[0,0],"148":[0,0,0],"149":[0,0],"150":[0,0],"151":[0,1],"152":[0,1],"153":[1,0],"154":[1,1,1,0],"155":[1,0],"156":[1,1,1,0],"157":[0,1],"158":[0,1],"159":[0,1],"160":[0,0],"161":[1,0],"162":[1,0,0,1],"163":[0,1],"164":[1,0,1],"165":[0,0],"166":[1,0],"167":[1,0],"168":[0,0],"169":[0,0],"170":[0,0],"171":[0,0],"172":[0,0],"173":[0,0],"174":[0,1],"175":[0,0],"176":[0,0],"177":[0,6],"178":[0,0],"179":[0,0],"180":[0,0],"181":[0,0],"182":[0,0],"183":[0,0],"184":[0,0],"185":[0,0],"186":[0,0],"187":[0,0],"188":[0,0],"189":[0,0],"190":[0,0],"191":[0,0],"192":[0,0],"193":[0,0],"194":[0,0],"195":[0,0],"196":[0,0],"197":[0,0],"198":[0,0],"199":[0,0],"200":[0,0],"201":[0,0,0],"202":[0,0],"203":[0,0],"204":[0,0],"205":[0,0,0],"206":[0,0],"207":[0,0],"208":[0,0],"209":[0,0],"210":[0,0],"211":[0,0,0],"212":[0,0],"213":[0,0],"214":[0,0],"215":[0,0],"216":[0,0],"217":[0,0],"218":[0,0],"219":[0,0],"220":[0,0],"221":[0,0],"222":[0,0],"223":[0,0,0],"224":[0,0],"225":[0,0],"226":[0,0],"227":[0,0,0],"228":[0,0],"229":[0,0],"230":[1,0],"231":[1,0,0],"232":[1,0],"233":[2,0],"234":[2,0],"235":[6,0],"236":[5,0],"237":[5,0],"238":[5,0,0,0],"239":[0,5],"240":[0,5],"241":[5,0,5,0],"242":[0,5],"243":[5,0,5,0],"244":[0,5],"245":[5,0],"246":[0,5],"247":[5,0],"248":[0,1],"249":[1,1],"250":[0,3],"251":[3,2,1],"252":[2,1],"253":[1,0],"254":[1,0],"255":[1,1,1],"256":[1,0],"257":[1,0],"258":[0,1],"259":[2,1],"260":[2,0],"261":[2,2],"262":[1,0],"263":[1,0],"264":[0,1],"265":[1,0,0],"266":[1,0],"267":[1,0],"268":[2,0],"269":[2,0],"270":[1,0],"271":[1,0],"272":[1,0],"273":[0,1],"274":[1,0],"275":[0,1],"276":[0,0],"277":[0,1],"278":[1,1],"279":[1,0],"280":[1,0],"281":[2,4],"282":[0,0],"283":[0,0],"284":[0,0],"285":[0,0],"286":[0,0,0],"287":[0,0],"288":[0,0,0],"289":[0,0],"290":[0,0,0],"291":[1,0],"292":[1,1],"293":[0,1],"294":[1,1],"295":[0,0],"296":[0,0],"297":[0,0],"298":[0,0,0,0,0,0,0],"299":[0,0],"300":[0,3],"301":[4,0],"302":[3,1],"303":[3,0],"304":[0,0],"305":[0,0],"306":[0,0],"307":[0,0],"308":[0,0],"309":[0,0],"310":[0,0],"311":[0,0],"312":[0,0],"313":[2,0],"314":[2,0],"315":[0,0],"316":[0,0],"317":[0,0],"318":[0,0],"319":[0,0],"320":[0,0],"321":[0,0],"322":[0,0],"323":[0,0],"324":[0,0],"325":[0,0],"326":[0,0],"327":[0,0],"328":[0,0],"329":[0,0],"330":[0,0],"331":[0,0],"332":[0,0],"333":[0,0],"334":[0,0],"335":[0,0],"336":[0,0],"337":[0,0],"338":[0,0],"339":[0,0],"340":[0,0],"341":[0,0],"342":[0,0],"343":[0,0],"344":[0,0],"345":[0,0],"346":[0,0],"347":[0,0],"348":[0,0],"349":[0,0],"350":[0,0],"351":[0,0],"352":[0,0],"353":[0,0],"354":[0,0],"355":[0,0],"356":[0,0],"357":[0,0],"358":[0,0],"359":[0,0],"360":[0,0],"361":[1,0],"362":[1,1],"363":[0,1],"364":[0,1],"365":[0,1],"366":[0,0],"367":[0,0],"368":[1,0],"369":[0,1],"370":[1,0],"371":[1,0],"372":[1,0],"373":[0,1],"374":[0,1],"375":[0,1],"376":[0,1],"377":[1,0],"378":[0,0],"379":[1,0],"380":[1,1],"381":[1,0],"382":[1,0],"383":[1,0,1],"384":[1,0],"385":[1,1],"386":[1,0],"387":[1,0],"388":[0,1],"389":[0,0],"390":[0,0],"391":[0,0],"392":[0,0],"393":[0,1],"394":[0,0],"395":[0,0],"396":[0,0],"397":[0,0],"398":[0,0],"399":[0,0],"400":[0,0],"401":[0,0],"402":[0,0,0],"403":[0,0],"404":[0,0],"405":[0,0],"406":[0,0],"407":[0,0],"408":[0,0],"409":[0,0],"410":[0,0],"411":[0,0],"412":[0,0],"413":[0,0],"414":[0,0],"415":[0,0],"416":[0,0],"417":[0,0],"418":[0,0],"419":[0,0],"420":[0,0],"421":[1,0],"422":[1,1],"423":[0,0],"424":[0,1],"425":[1,1],"426":[0,0],"427":[0,0],"428":[0,0],"429":[0,0],"430":[0,0],"431":[0,0],"432":[0,0],"433":[0,0,0],"434":[0,0],"435":[0,0,0,0],"436":[0,0],"437":[0,0,0],"438":[0,0],"439":[0,0,0],"440":[0,0],"441":[0,0],"442":[0,0],"443":[0,0],"444":[0,0],"445":[0,2],"446":[2,0],"447":[0,0],"448":[0,0],"449":[0,0],"450":[0,0],"451":[0,0],"452":[0,0],"453":[0,0],"454":[0,0],"455":[0,0],"456":[0,0],"457":[0,0],"458":[0,0],"459":[0,0],"460":[0,0],"461":[1,0],"462":[0,1],"463":[1,0],"464":[1,0],"465":[1,0],"466":[0,1],"467":[1,0],"468":[0,1],"469":[0,1],"470":[1,0],"471":[0,0],"472":[0,1],"473":[1,0],"474":[0,1],"475":[0,1],"476":[1,0],"477":[1,0],"478":[1,0],"479":[1,0],"480":[2,0],"481":[2,0],"482":[0,2],"483":[1,0],"484":[1,1],"485":[0,0],"486":[0,0],"487":[0,0],"488":[0,0],"489":[0,0],"490":[0,0],"491":[0,0],"492":[0,0],"493":[0,0],"494":[0,0],"495":[0,0],"496":[0,1],"497":[0,0],"498":[0,0],"499":[0,0],"500":[0,0],"501":[0,0],"502":[1,0],"503":[1,1],"504":[0,0],"505":[0,0],"506":[0,0],"507":[0,0],"508":[0,0],"509":[0,1],"510":[1,1,1]},"f":{"1":11,"2":2,"3":3,"4":3,"5":5,"6":0,"7":0,"8":0,"9":0,"10":0,"11":0,"12":0,"13":0,"14":0,"15":0,"16":0,"17":0,"18":0,"19":2,"20":0,"21":2,"22":0,"23":2,"24":0,"25":0,"26":0,"27":1,"28":1,"29":1,"30":0,"31":0,"32":0,"33":0,"34":0,"35":0,"36":0,"37":0,"38":0,"39":0,"40":2,"41":0,"42":0,"43":1,"44":3,"45":1,"46":3,"47":3,"48":0,"49":2,"50":1,"51":1,"52":1,"53":0,"54":2,"55":0,"56":0,"57":0,"58":0,"59":0,"60":0,"61":0,"62":0,"63":0,"64":0,"65":0,"66":1,"67":0,"68":0,"69":1,"70":0,"71":0,"72":1,"73":0,"74":1,"75":0,"76":0,"77":0,"78":0,"79":0,"80":1,"81":6,"82":2,"83":6,"84":0,"85":0,"86":0,"87":0,"88":0,"89":0,"90":0,"91":0,"92":0,"93":0,"94":0,"95":0,"96":0,"97":0,"98":0,"99":0,"100":0,"101":0,"102":0,"103":0,"104":1,"105":1,"106":2,"107":2,"108":2,"109":6,"110":1,"111":1,"112":5,"113":1,"114":3,"115":1,"116":3,"117":2,"118":3,"119":0,"120":0,"121":0,"122":0,"123":0,"124":0,"125":0,"126":0,"127":3,"128":4,"129":3,"130":3,"131":0,"132":0,"133":0,"134":0,"135":0,"136":0,"137":0,"138":0,"139":2,"140":0,"141":0,"142":0,"143":0,"144":0,"145":0,"146":0,"147":0,"148":0,"149":0,"150":1,"151":1,"152":1,"153":1,"154":0,"155":0,"156":0,"157":0,"158":0,"159":0,"160":0,"161":1,"162":0,"163":0,"164":0,"165":0,"166":0,"167":0,"168":0,"169":0,"170":0,"171":0,"172":0,"173":0,"174":0,"175":0,"176":2,"177":2,"178":0,"179":0,"180":0,"181":0,"182":1,"183":1,"184":1,"185":2,"186":1,"187":0,"188":0,"189":0,"190":0,"191":0,"192":0,"193":0,"194":0,"195":0,"196":0,"197":0,"198":0},"fnMap":{"1":{"name":"(anonymous_1)","line":1,"loc":{"start":{"line":1,"column":330},"end":{"line":1,"column":587}}},"2":{"name":"(anonymous_2)","line":123,"loc":{"start":{"line":123,"column":31},"end":{"line":123,"column":43}}},"3":{"name":"(anonymous_3)","line":130,"loc":{"start":{"line":130,"column":47},"end":{"line":130,"column":66}}},"4":{"name":"(anonymous_4)","line":136,"loc":{"start":{"line":136,"column":37},"end":{"line":136,"column":57}}},"5":{"name":"(anonymous_5)","line":140,"loc":{"start":{"line":140,"column":40},"end":{"line":140,"column":61}}},"6":{"name":"(anonymous_6)","line":179,"loc":{"start":{"line":179,"column":37},"end":{"line":179,"column":49}}},"7":{"name":"(anonymous_7)","line":187,"loc":{"start":{"line":187,"column":48},"end":{"line":187,"column":69}}},"8":{"name":"(anonymous_8)","line":200,"loc":{"start":{"line":200,"column":19},"end":{"line":200,"column":31}}},"9":{"name":"(anonymous_9)","line":228,"loc":{"start":{"line":228,"column":36},"end":{"line":228,"column":48}}},"10":{"name":"(anonymous_10)","line":243,"loc":{"start":{"line":243,"column":34},"end":{"line":243,"column":57}}},"11":{"name":"(anonymous_11)","line":272,"loc":{"start":{"line":272,"column":34},"end":{"line":272,"column":55}}},"12":{"name":"(anonymous_12)","line":282,"loc":{"start":{"line":282,"column":35},"end":{"line":282,"column":60}}},"13":{"name":"(anonymous_13)","line":310,"loc":{"start":{"line":310,"column":38},"end":{"line":310,"column":72}}},"14":{"name":"(anonymous_14)","line":338,"loc":{"start":{"line":338,"column":39},"end":{"line":338,"column":51}}},"15":{"name":"(anonymous_15)","line":340,"loc":{"start":{"line":340,"column":50},"end":{"line":340,"column":71}}},"16":{"name":"(anonymous_16)","line":351,"loc":{"start":{"line":351,"column":34},"end":{"line":351,"column":46}}},"17":{"name":"(anonymous_17)","line":353,"loc":{"start":{"line":353,"column":47},"end":{"line":353,"column":68}}},"18":{"name":"(anonymous_18)","line":365,"loc":{"start":{"line":365,"column":17},"end":{"line":365,"column":29}}},"19":{"name":"(anonymous_19)","line":386,"loc":{"start":{"line":386,"column":32},"end":{"line":386,"column":53}}},"20":{"name":"(anonymous_20)","line":425,"loc":{"start":{"line":425,"column":59},"end":{"line":425,"column":75}}},"21":{"name":"(anonymous_21)","line":453,"loc":{"start":{"line":453,"column":50},"end":{"line":453,"column":69}}},"22":{"name":"(anonymous_22)","line":463,"loc":{"start":{"line":463,"column":49},"end":{"line":463,"column":68}}},"23":{"name":"(anonymous_23)","line":503,"loc":{"start":{"line":503,"column":55},"end":{"line":503,"column":78}}},"24":{"name":"(anonymous_24)","line":558,"loc":{"start":{"line":558,"column":23},"end":{"line":558,"column":49}}},"25":{"name":"(anonymous_25)","line":587,"loc":{"start":{"line":587,"column":30},"end":{"line":587,"column":51}}},"26":{"name":"(anonymous_26)","line":589,"loc":{"start":{"line":589,"column":14},"end":{"line":589,"column":26}}},"27":{"name":"(anonymous_27)","line":599,"loc":{"start":{"line":599,"column":33},"end":{"line":599,"column":45}}},"28":{"name":"(anonymous_28)","line":606,"loc":{"start":{"line":606,"column":55},"end":{"line":606,"column":76}}},"29":{"name":"(anonymous_29)","line":656,"loc":{"start":{"line":656,"column":38},"end":{"line":656,"column":59}}},"30":{"name":"(anonymous_30)","line":664,"loc":{"start":{"line":664,"column":53},"end":{"line":664,"column":92}}},"31":{"name":"(anonymous_31)","line":666,"loc":{"start":{"line":666,"column":50},"end":{"line":666,"column":71}}},"32":{"name":"(anonymous_32)","line":688,"loc":{"start":{"line":688,"column":51},"end":{"line":688,"column":84}}},"33":{"name":"(anonymous_33)","line":695,"loc":{"start":{"line":695,"column":51},"end":{"line":695,"column":84}}},"34":{"name":"(anonymous_34)","line":704,"loc":{"start":{"line":704,"column":50},"end":{"line":704,"column":83}}},"35":{"name":"(anonymous_35)","line":718,"loc":{"start":{"line":718,"column":16},"end":{"line":718,"column":28}}},"36":{"name":"(anonymous_36)","line":729,"loc":{"start":{"line":729,"column":36},"end":{"line":729,"column":55}}},"37":{"name":"(anonymous_37)","line":730,"loc":{"start":{"line":730,"column":15},"end":{"line":730,"column":27}}},"38":{"name":"(anonymous_38)","line":734,"loc":{"start":{"line":734,"column":36},"end":{"line":734,"column":52}}},"39":{"name":"(anonymous_39)","line":736,"loc":{"start":{"line":736,"column":28},"end":{"line":736,"column":47}}},"40":{"name":"(anonymous_40)","line":744,"loc":{"start":{"line":744,"column":32},"end":{"line":744,"column":61}}},"41":{"name":"(anonymous_41)","line":748,"loc":{"start":{"line":748,"column":16},"end":{"line":748,"column":28}}},"42":{"name":"(anonymous_42)","line":784,"loc":{"start":{"line":784,"column":31},"end":{"line":784,"column":43}}},"43":{"name":"(anonymous_43)","line":803,"loc":{"start":{"line":803,"column":39},"end":{"line":803,"column":51}}},"44":{"name":"(anonymous_44)","line":820,"loc":{"start":{"line":820,"column":30},"end":{"line":820,"column":42}}},"45":{"name":"(anonymous_45)","line":832,"loc":{"start":{"line":832,"column":18},"end":{"line":832,"column":30}}},"46":{"name":"(anonymous_46)","line":865,"loc":{"start":{"line":865,"column":43},"end":{"line":865,"column":64}}},"47":{"name":"(anonymous_47)","line":873,"loc":{"start":{"line":873,"column":36},"end":{"line":873,"column":57}}},"48":{"name":"(anonymous_48)","line":883,"loc":{"start":{"line":883,"column":14},"end":{"line":883,"column":26}}},"49":{"name":"(anonymous_49)","line":895,"loc":{"start":{"line":895,"column":40},"end":{"line":895,"column":66}}},"50":{"name":"(anonymous_50)","line":911,"loc":{"start":{"line":911,"column":33},"end":{"line":911,"column":45}}},"51":{"name":"(anonymous_51)","line":916,"loc":{"start":{"line":916,"column":45},"end":{"line":916,"column":66}}},"52":{"name":"(anonymous_52)","line":927,"loc":{"start":{"line":927,"column":44},"end":{"line":927,"column":63}}},"53":{"name":"(anonymous_53)","line":942,"loc":{"start":{"line":942,"column":40},"end":{"line":942,"column":52}}},"54":{"name":"(anonymous_54)","line":954,"loc":{"start":{"line":954,"column":34},"end":{"line":954,"column":46}}},"55":{"name":"(anonymous_55)","line":967,"loc":{"start":{"line":967,"column":28},"end":{"line":967,"column":51}}},"56":{"name":"(anonymous_56)","line":977,"loc":{"start":{"line":977,"column":57},"end":{"line":977,"column":78}}},"57":{"name":"(anonymous_57)","line":993,"loc":{"start":{"line":993,"column":56},"end":{"line":993,"column":75}}},"58":{"name":"(anonymous_58)","line":995,"loc":{"start":{"line":995,"column":38},"end":{"line":995,"column":58}}},"59":{"name":"(anonymous_59)","line":1025,"loc":{"start":{"line":1025,"column":75},"end":{"line":1025,"column":99}}},"60":{"name":"(anonymous_60)","line":1120,"loc":{"start":{"line":1120,"column":51},"end":{"line":1120,"column":70}}},"61":{"name":"(anonymous_61)","line":1139,"loc":{"start":{"line":1139,"column":51},"end":{"line":1139,"column":72}}},"62":{"name":"(anonymous_62)","line":1144,"loc":{"start":{"line":1144,"column":18},"end":{"line":1144,"column":30}}},"63":{"name":"(anonymous_63)","line":1163,"loc":{"start":{"line":1163,"column":28},"end":{"line":1163,"column":49}}},"64":{"name":"(anonymous_64)","line":1187,"loc":{"start":{"line":1187,"column":32},"end":{"line":1187,"column":54}}},"65":{"name":"(anonymous_65)","line":1208,"loc":{"start":{"line":1208,"column":33},"end":{"line":1208,"column":45}}},"66":{"name":"(anonymous_66)","line":1222,"loc":{"start":{"line":1222,"column":31},"end":{"line":1222,"column":56}}},"67":{"name":"(anonymous_67)","line":1229,"loc":{"start":{"line":1229,"column":17},"end":{"line":1229,"column":29}}},"68":{"name":"(anonymous_68)","line":1246,"loc":{"start":{"line":1246,"column":16},"end":{"line":1246,"column":28}}},"69":{"name":"(anonymous_69)","line":1264,"loc":{"start":{"line":1264,"column":30},"end":{"line":1264,"column":65}}},"70":{"name":"(anonymous_70)","line":1304,"loc":{"start":{"line":1304,"column":42},"end":{"line":1304,"column":54}}},"71":{"name":"(anonymous_71)","line":1306,"loc":{"start":{"line":1306,"column":45},"end":{"line":1306,"column":66}}},"72":{"name":"(anonymous_72)","line":1318,"loc":{"start":{"line":1318,"column":30},"end":{"line":1318,"column":51}}},"73":{"name":"(anonymous_73)","line":1329,"loc":{"start":{"line":1329,"column":15},"end":{"line":1329,"column":27}}},"74":{"name":"(anonymous_74)","line":1340,"loc":{"start":{"line":1340,"column":46},"end":{"line":1340,"column":68}}},"75":{"name":"(anonymous_75)","line":1375,"loc":{"start":{"line":1375,"column":40},"end":{"line":1375,"column":70}}},"76":{"name":"(anonymous_76)","line":1378,"loc":{"start":{"line":1378,"column":45},"end":{"line":1378,"column":69}}},"77":{"name":"(anonymous_77)","line":1406,"loc":{"start":{"line":1406,"column":41},"end":{"line":1406,"column":62}}},"78":{"name":"(anonymous_78)","line":1412,"loc":{"start":{"line":1412,"column":47},"end":{"line":1412,"column":68}}},"79":{"name":"(anonymous_79)","line":1415,"loc":{"start":{"line":1415,"column":46},"end":{"line":1415,"column":75}}},"80":{"name":"(anonymous_80)","line":1462,"loc":{"start":{"line":1462,"column":28},"end":{"line":1462,"column":49}}},"81":{"name":"(anonymous_81)","line":1480,"loc":{"start":{"line":1480,"column":33},"end":{"line":1480,"column":54}}},"82":{"name":"(anonymous_82)","line":1498,"loc":{"start":{"line":1498,"column":34},"end":{"line":1498,"column":55}}},"83":{"name":"(anonymous_83)","line":1516,"loc":{"start":{"line":1516,"column":35},"end":{"line":1516,"column":56}}},"84":{"name":"(anonymous_84)","line":1534,"loc":{"start":{"line":1534,"column":26},"end":{"line":1534,"column":47}}},"85":{"name":"(anonymous_85)","line":1551,"loc":{"start":{"line":1551,"column":35},"end":{"line":1551,"column":56}}},"86":{"name":"(anonymous_86)","line":1567,"loc":{"start":{"line":1567,"column":33},"end":{"line":1567,"column":67}}},"87":{"name":"(anonymous_87)","line":1586,"loc":{"start":{"line":1586,"column":23},"end":{"line":1586,"column":44}}},"88":{"name":"(anonymous_88)","line":1587,"loc":{"start":{"line":1587,"column":43},"end":{"line":1587,"column":62}}},"89":{"name":"(anonymous_89)","line":1600,"loc":{"start":{"line":1600,"column":44},"end":{"line":1600,"column":64}}},"90":{"name":"(anonymous_90)","line":1605,"loc":{"start":{"line":1605,"column":45},"end":{"line":1605,"column":66}}},"91":{"name":"(anonymous_91)","line":1620,"loc":{"start":{"line":1620,"column":24},"end":{"line":1620,"column":53}}},"92":{"name":"(anonymous_92)","line":1628,"loc":{"start":{"line":1628,"column":44},"end":{"line":1628,"column":64}}},"93":{"name":"(anonymous_93)","line":1635,"loc":{"start":{"line":1635,"column":46},"end":{"line":1635,"column":65}}},"94":{"name":"(anonymous_94)","line":1646,"loc":{"start":{"line":1646,"column":47},"end":{"line":1646,"column":68}}},"95":{"name":"(anonymous_95)","line":1660,"loc":{"start":{"line":1660,"column":44},"end":{"line":1660,"column":63}}},"96":{"name":"(anonymous_96)","line":1684,"loc":{"start":{"line":1684,"column":25},"end":{"line":1684,"column":72}}},"97":{"name":"(anonymous_97)","line":1694,"loc":{"start":{"line":1694,"column":45},"end":{"line":1694,"column":66}}},"98":{"name":"(anonymous_98)","line":1698,"loc":{"start":{"line":1698,"column":46},"end":{"line":1698,"column":65}}},"99":{"name":"(anonymous_99)","line":1705,"loc":{"start":{"line":1705,"column":47},"end":{"line":1705,"column":67}}},"100":{"name":"(anonymous_100)","line":1723,"loc":{"start":{"line":1723,"column":45},"end":{"line":1723,"column":65}}},"101":{"name":"(anonymous_101)","line":1736,"loc":{"start":{"line":1736,"column":45},"end":{"line":1736,"column":64}}},"102":{"name":"(anonymous_102)","line":1775,"loc":{"start":{"line":1775,"column":32},"end":{"line":1775,"column":44}}},"103":{"name":"(anonymous_103)","line":1776,"loc":{"start":{"line":1776,"column":47},"end":{"line":1776,"column":66}}},"104":{"name":"(anonymous_104)","line":1785,"loc":{"start":{"line":1785,"column":35},"end":{"line":1785,"column":47}}},"105":{"name":"(anonymous_105)","line":1788,"loc":{"start":{"line":1788,"column":47},"end":{"line":1788,"column":68}}},"106":{"name":"(anonymous_106)","line":1803,"loc":{"start":{"line":1803,"column":36},"end":{"line":1803,"column":48}}},"107":{"name":"(anonymous_107)","line":1810,"loc":{"start":{"line":1810,"column":43},"end":{"line":1810,"column":62}}},"108":{"name":"(anonymous_108)","line":1818,"loc":{"start":{"line":1818,"column":44},"end":{"line":1818,"column":64}}},"109":{"name":"(anonymous_109)","line":1826,"loc":{"start":{"line":1826,"column":45},"end":{"line":1826,"column":66}}},"110":{"name":"(anonymous_110)","line":1845,"loc":{"start":{"line":1845,"column":34},"end":{"line":1845,"column":46}}},"111":{"name":"(anonymous_111)","line":1853,"loc":{"start":{"line":1853,"column":14},"end":{"line":1853,"column":26}}},"112":{"name":"(anonymous_112)","line":1855,"loc":{"start":{"line":1855,"column":59},"end":{"line":1855,"column":92}}},"113":{"name":"(anonymous_113)","line":1897,"loc":{"start":{"line":1897,"column":22},"end":{"line":1897,"column":34}}},"114":{"name":"(anonymous_114)","line":1905,"loc":{"start":{"line":1905,"column":45},"end":{"line":1905,"column":66}}},"115":{"name":"(anonymous_115)","line":1919,"loc":{"start":{"line":1919,"column":58},"end":{"line":1919,"column":78}}},"116":{"name":"(anonymous_116)","line":1920,"loc":{"start":{"line":1920,"column":41},"end":{"line":1920,"column":62}}},"117":{"name":"(anonymous_117)","line":1972,"loc":{"start":{"line":1972,"column":51},"end":{"line":1972,"column":74}}},"118":{"name":"(anonymous_118)","line":2165,"loc":{"start":{"line":2165,"column":128},"end":{"line":2165,"column":141}}},"119":{"name":"(anonymous_119)","line":2181,"loc":{"start":{"line":2181,"column":15},"end":{"line":2181,"column":27}}},"120":{"name":"(anonymous_120)","line":2193,"loc":{"start":{"line":2193,"column":17},"end":{"line":2193,"column":29}}},"121":{"name":"(anonymous_121)","line":2250,"loc":{"start":{"line":2250,"column":38},"end":{"line":2250,"column":60}}},"122":{"name":"(anonymous_122)","line":2253,"loc":{"start":{"line":2253,"column":48},"end":{"line":2253,"column":67}}},"123":{"name":"(anonymous_123)","line":2259,"loc":{"start":{"line":2259,"column":48},"end":{"line":2259,"column":67}}},"124":{"name":"(anonymous_124)","line":2269,"loc":{"start":{"line":2269,"column":55},"end":{"line":2269,"column":67}}},"125":{"name":"(anonymous_125)","line":2271,"loc":{"start":{"line":2271,"column":47},"end":{"line":2271,"column":66}}},"126":{"name":"(anonymous_126)","line":2285,"loc":{"start":{"line":2285,"column":28},"end":{"line":2285,"column":46}}},"127":{"name":"(anonymous_127)","line":2306,"loc":{"start":{"line":2306,"column":29},"end":{"line":2306,"column":41}}},"128":{"name":"(anonymous_128)","line":2360,"loc":{"start":{"line":2360,"column":47},"end":{"line":2360,"column":63}}},"129":{"name":"(anonymous_129)","line":2376,"loc":{"start":{"line":2376,"column":25},"end":{"line":2376,"column":37}}},"130":{"name":"(anonymous_130)","line":2378,"loc":{"start":{"line":2378,"column":43},"end":{"line":2378,"column":67}}},"131":{"name":"(anonymous_131)","line":2389,"loc":{"start":{"line":2389,"column":27},"end":{"line":2389,"column":39}}},"132":{"name":"(anonymous_132)","line":2391,"loc":{"start":{"line":2391,"column":45},"end":{"line":2391,"column":71}}},"133":{"name":"(anonymous_133)","line":2401,"loc":{"start":{"line":2401,"column":26},"end":{"line":2401,"column":38}}},"134":{"name":"(anonymous_134)","line":2403,"loc":{"start":{"line":2403,"column":44},"end":{"line":2403,"column":69}}},"135":{"name":"(anonymous_135)","line":2417,"loc":{"start":{"line":2417,"column":19},"end":{"line":2417,"column":31}}},"136":{"name":"(anonymous_136)","line":2440,"loc":{"start":{"line":2440,"column":57},"end":{"line":2440,"column":78}}},"137":{"name":"(anonymous_137)","line":2473,"loc":{"start":{"line":2473,"column":48},"end":{"line":2473,"column":69}}},"138":{"name":"(anonymous_138)","line":2488,"loc":{"start":{"line":2488,"column":15},"end":{"line":2488,"column":27}}},"139":{"name":"(anonymous_139)","line":2501,"loc":{"start":{"line":2501,"column":32},"end":{"line":2501,"column":51}}},"140":{"name":"(anonymous_140)","line":2520,"loc":{"start":{"line":2520,"column":35},"end":{"line":2520,"column":47}}},"141":{"name":"(anonymous_141)","line":2530,"loc":{"start":{"line":2530,"column":44},"end":{"line":2530,"column":56}}},"142":{"name":"(anonymous_142)","line":2537,"loc":{"start":{"line":2537,"column":54},"end":{"line":2537,"column":73}}},"143":{"name":"(anonymous_143)","line":2587,"loc":{"start":{"line":2587,"column":43},"end":{"line":2587,"column":62}}},"144":{"name":"(anonymous_144)","line":2660,"loc":{"start":{"line":2660,"column":37},"end":{"line":2660,"column":57}}},"145":{"name":"(anonymous_145)","line":2711,"loc":{"start":{"line":2711,"column":40},"end":{"line":2711,"column":61}}},"146":{"name":"(anonymous_146)","line":2739,"loc":{"start":{"line":2739,"column":29},"end":{"line":2739,"column":41}}},"147":{"name":"(anonymous_147)","line":2744,"loc":{"start":{"line":2744,"column":40},"end":{"line":2744,"column":59}}},"148":{"name":"(anonymous_148)","line":2759,"loc":{"start":{"line":2759,"column":87},"end":{"line":2759,"column":111}}},"149":{"name":"(anonymous_149)","line":2773,"loc":{"start":{"line":2773,"column":16},"end":{"line":2773,"column":28}}},"150":{"name":"(anonymous_150)","line":2815,"loc":{"start":{"line":2815,"column":25},"end":{"line":2815,"column":66}}},"151":{"name":"(anonymous_151)","line":2838,"loc":{"start":{"line":2838,"column":48},"end":{"line":2838,"column":68}}},"152":{"name":"(anonymous_152)","line":2865,"loc":{"start":{"line":2865,"column":41},"end":{"line":2865,"column":60}}},"153":{"name":"(anonymous_153)","line":2901,"loc":{"start":{"line":2901,"column":76},"end":{"line":2901,"column":100}}},"154":{"name":"(anonymous_154)","line":3013,"loc":{"start":{"line":3013,"column":51},"end":{"line":3013,"column":70}}},"155":{"name":"(anonymous_155)","line":3029,"loc":{"start":{"line":3029,"column":72},"end":{"line":3029,"column":105}}},"156":{"name":"(anonymous_156)","line":3030,"loc":{"start":{"line":3030,"column":49},"end":{"line":3030,"column":90}}},"157":{"name":"(anonymous_157)","line":3055,"loc":{"start":{"line":3055,"column":19},"end":{"line":3055,"column":31}}},"158":{"name":"(anonymous_158)","line":3089,"loc":{"start":{"line":3089,"column":18},"end":{"line":3089,"column":30}}},"159":{"name":"(anonymous_159)","line":3092,"loc":{"start":{"line":3092,"column":53},"end":{"line":3092,"column":74}}},"160":{"name":"(anonymous_160)","line":3098,"loc":{"start":{"line":3098,"column":61},"end":{"line":3098,"column":88}}},"161":{"name":"(anonymous_161)","line":3114,"loc":{"start":{"line":3114,"column":51},"end":{"line":3114,"column":70}}},"162":{"name":"(anonymous_162)","line":3119,"loc":{"start":{"line":3119,"column":18},"end":{"line":3119,"column":30}}},"163":{"name":"(anonymous_163)","line":3123,"loc":{"start":{"line":3123,"column":17},"end":{"line":3123,"column":29}}},"164":{"name":"(anonymous_164)","line":3124,"loc":{"start":{"line":3124,"column":51},"end":{"line":3124,"column":72}}},"165":{"name":"(anonymous_165)","line":3155,"loc":{"start":{"line":3155,"column":50},"end":{"line":3155,"column":69}}},"166":{"name":"(anonymous_166)","line":3176,"loc":{"start":{"line":3176,"column":30},"end":{"line":3176,"column":42}}},"167":{"name":"(anonymous_167)","line":3193,"loc":{"start":{"line":3193,"column":31},"end":{"line":3193,"column":48}}},"168":{"name":"(anonymous_168)","line":3201,"loc":{"start":{"line":3201,"column":14},"end":{"line":3201,"column":26}}},"169":{"name":"(anonymous_169)","line":3207,"loc":{"start":{"line":3207,"column":47},"end":{"line":3207,"column":68}}},"170":{"name":"(anonymous_170)","line":3219,"loc":{"start":{"line":3219,"column":32},"end":{"line":3219,"column":53}}},"171":{"name":"(anonymous_171)","line":3221,"loc":{"start":{"line":3221,"column":47},"end":{"line":3221,"column":68}}},"172":{"name":"(anonymous_172)","line":3236,"loc":{"start":{"line":3236,"column":23},"end":{"line":3236,"column":35}}},"173":{"name":"(anonymous_173)","line":3241,"loc":{"start":{"line":3241,"column":15},"end":{"line":3241,"column":27}}},"174":{"name":"(anonymous_174)","line":3256,"loc":{"start":{"line":3256,"column":31},"end":{"line":3256,"column":46}}},"175":{"name":"(anonymous_175)","line":3261,"loc":{"start":{"line":3261,"column":14},"end":{"line":3261,"column":25}}},"176":{"name":"(anonymous_176)","line":3278,"loc":{"start":{"line":3278,"column":39},"end":{"line":3278,"column":55}}},"177":{"name":"(anonymous_177)","line":3279,"loc":{"start":{"line":3279,"column":27},"end":{"line":3279,"column":46}}},"178":{"name":"(anonymous_178)","line":3282,"loc":{"start":{"line":3282,"column":43},"end":{"line":3282,"column":84}}},"179":{"name":"(anonymous_179)","line":3323,"loc":{"start":{"line":3323,"column":29},"end":{"line":3323,"column":48}}},"180":{"name":"(anonymous_180)","line":3325,"loc":{"start":{"line":3325,"column":36},"end":{"line":3325,"column":56}}},"181":{"name":"(anonymous_181)","line":3327,"loc":{"start":{"line":3327,"column":52},"end":{"line":3327,"column":71}}},"182":{"name":"(anonymous_182)","line":3347,"loc":{"start":{"line":3347,"column":31},"end":{"line":3347,"column":47}}},"183":{"name":"(anonymous_183)","line":3370,"loc":{"start":{"line":3370,"column":46},"end":{"line":3370,"column":65}}},"184":{"name":"(anonymous_184)","line":3386,"loc":{"start":{"line":3386,"column":37},"end":{"line":3386,"column":57}}},"185":{"name":"(anonymous_185)","line":3419,"loc":{"start":{"line":3419,"column":40},"end":{"line":3419,"column":61}}},"186":{"name":"(anonymous_186)","line":3438,"loc":{"start":{"line":3438,"column":47},"end":{"line":3438,"column":66}}},"187":{"name":"(anonymous_187)","line":3443,"loc":{"start":{"line":3443,"column":43},"end":{"line":3443,"column":62}}},"188":{"name":"(anonymous_188)","line":3503,"loc":{"start":{"line":3503,"column":16},"end":{"line":3503,"column":28}}},"189":{"name":"(anonymous_189)","line":3505,"loc":{"start":{"line":3505,"column":51},"end":{"line":3505,"column":70}}},"190":{"name":"(anonymous_190)","line":3539,"loc":{"start":{"line":3539,"column":16},"end":{"line":3539,"column":28}}},"191":{"name":"(anonymous_191)","line":3554,"loc":{"start":{"line":3554,"column":38},"end":{"line":3554,"column":50}}},"192":{"name":"(anonymous_192)","line":3563,"loc":{"start":{"line":3563,"column":19},"end":{"line":3563,"column":31}}},"193":{"name":"(anonymous_193)","line":3574,"loc":{"start":{"line":3574,"column":35},"end":{"line":3574,"column":47}}},"194":{"name":"(anonymous_194)","line":3583,"loc":{"start":{"line":3583,"column":19},"end":{"line":3583,"column":31}}},"195":{"name":"(anonymous_195)","line":3588,"loc":{"start":{"line":3588,"column":31},"end":{"line":3588,"column":43}}},"196":{"name":"(anonymous_196)","line":3597,"loc":{"start":{"line":3597,"column":36},"end":{"line":3597,"column":48}}},"197":{"name":"(anonymous_197)","line":3606,"loc":{"start":{"line":3606,"column":19},"end":{"line":3606,"column":31}}},"198":{"name":"(anonymous_198)","line":3611,"loc":{"start":{"line":3611,"column":31},"end":{"line":3611,"column":43}}}},"statementMap":{"1":{"start":{"line":1,"column":0},"end":{"line":3617,"column":2}},"2":{"start":{"line":3,"column":4},"end":{"line":3,"column":55}},"3":{"start":{"line":4,"column":4},"end":{"line":4,"column":26}},"4":{"start":{"line":5,"column":4},"end":{"line":5,"column":74}},"5":{"start":{"line":6,"column":4},"end":{"line":6,"column":37}},"6":{"start":{"line":7,"column":4},"end":{"line":7,"column":32}},"7":{"start":{"line":8,"column":4},"end":{"line":8,"column":28}},"8":{"start":{"line":9,"column":4},"end":{"line":9,"column":24}},"9":{"start":{"line":10,"column":4},"end":{"line":10,"column":33}},"10":{"start":{"line":11,"column":4},"end":{"line":11,"column":32}},"11":{"start":{"line":12,"column":4},"end":{"line":12,"column":26}},"12":{"start":{"line":13,"column":4},"end":{"line":13,"column":25}},"13":{"start":{"line":14,"column":4},"end":{"line":14,"column":25}},"14":{"start":{"line":15,"column":4},"end":{"line":15,"column":30}},"15":{"start":{"line":16,"column":4},"end":{"line":16,"column":31}},"16":{"start":{"line":17,"column":4},"end":{"line":17,"column":32}},"17":{"start":{"line":18,"column":4},"end":{"line":18,"column":30}},"18":{"start":{"line":19,"column":4},"end":{"line":19,"column":30}},"19":{"start":{"line":20,"column":4},"end":{"line":20,"column":23}},"20":{"start":{"line":21,"column":4},"end":{"line":21,"column":33}},"21":{"start":{"line":22,"column":4},"end":{"line":22,"column":44}},"22":{"start":{"line":23,"column":4},"end":{"line":23,"column":29}},"23":{"start":{"line":24,"column":4},"end":{"line":24,"column":35}},"24":{"start":{"line":25,"column":4},"end":{"line":25,"column":38}},"25":{"start":{"line":26,"column":4},"end":{"line":26,"column":34}},"26":{"start":{"line":27,"column":4},"end":{"line":27,"column":40}},"27":{"start":{"line":28,"column":4},"end":{"line":59,"column":6}},"28":{"start":{"line":60,"column":4},"end":{"line":60,"column":32}},"29":{"start":{"line":61,"column":4},"end":{"line":61,"column":37}},"30":{"start":{"line":62,"column":4},"end":{"line":62,"column":34}},"31":{"start":{"line":63,"column":4},"end":{"line":63,"column":35}},"32":{"start":{"line":64,"column":4},"end":{"line":64,"column":42}},"33":{"start":{"line":65,"column":4},"end":{"line":65,"column":33}},"34":{"start":{"line":66,"column":4},"end":{"line":66,"column":30}},"35":{"start":{"line":67,"column":4},"end":{"line":67,"column":36}},"36":{"start":{"line":68,"column":4},"end":{"line":68,"column":35}},"37":{"start":{"line":69,"column":4},"end":{"line":69,"column":25}},"38":{"start":{"line":70,"column":4},"end":{"line":70,"column":31}},"39":{"start":{"line":71,"column":4},"end":{"line":71,"column":32}},"40":{"start":{"line":72,"column":4},"end":{"line":72,"column":35}},"41":{"start":{"line":73,"column":4},"end":{"line":73,"column":39}},"42":{"start":{"line":74,"column":4},"end":{"line":74,"column":37}},"43":{"start":{"line":75,"column":4},"end":{"line":75,"column":32}},"44":{"start":{"line":76,"column":4},"end":{"line":76,"column":32}},"45":{"start":{"line":77,"column":4},"end":{"line":77,"column":34}},"46":{"start":{"line":78,"column":4},"end":{"line":78,"column":34}},"47":{"start":{"line":79,"column":4},"end":{"line":79,"column":39}},"48":{"start":{"line":80,"column":4},"end":{"line":80,"column":36}},"49":{"start":{"line":81,"column":4},"end":{"line":81,"column":28}},"50":{"start":{"line":82,"column":4},"end":{"line":82,"column":37}},"51":{"start":{"line":83,"column":4},"end":{"line":83,"column":43}},"52":{"start":{"line":84,"column":4},"end":{"line":84,"column":43}},"53":{"start":{"line":85,"column":4},"end":{"line":85,"column":29}},"54":{"start":{"line":86,"column":4},"end":{"line":86,"column":41}},"55":{"start":{"line":87,"column":4},"end":{"line":87,"column":37}},"56":{"start":{"line":88,"column":4},"end":{"line":88,"column":30}},"57":{"start":{"line":89,"column":4},"end":{"line":89,"column":32}},"58":{"start":{"line":90,"column":4},"end":{"line":90,"column":33}},"59":{"start":{"line":91,"column":4},"end":{"line":91,"column":34}},"60":{"start":{"line":92,"column":4},"end":{"line":105,"column":6}},"61":{"start":{"line":106,"column":4},"end":{"line":106,"column":35}},"62":{"start":{"line":107,"column":4},"end":{"line":107,"column":32}},"63":{"start":{"line":108,"column":4},"end":{"line":108,"column":30}},"64":{"start":{"line":109,"column":4},"end":{"line":109,"column":31}},"65":{"start":{"line":110,"column":4},"end":{"line":110,"column":29}},"66":{"start":{"line":111,"column":4},"end":{"line":111,"column":30}},"67":{"start":{"line":112,"column":4},"end":{"line":112,"column":31}},"68":{"start":{"line":113,"column":4},"end":{"line":113,"column":29}},"69":{"start":{"line":114,"column":4},"end":{"line":114,"column":36}},"70":{"start":{"line":123,"column":4},"end":{"line":171,"column":6}},"71":{"start":{"line":125,"column":5},"end":{"line":129,"column":25}},"72":{"start":{"line":130,"column":5},"end":{"line":170,"column":8}},"73":{"start":{"line":131,"column":6},"end":{"line":131,"column":26}},"74":{"start":{"line":132,"column":6},"end":{"line":132,"column":28}},"75":{"start":{"line":133,"column":6},"end":{"line":133,"column":26}},"76":{"start":{"line":134,"column":6},"end":{"line":134,"column":28}},"77":{"start":{"line":136,"column":6},"end":{"line":160,"column":9}},"78":{"start":{"line":137,"column":7},"end":{"line":137,"column":29}},"79":{"start":{"line":138,"column":7},"end":{"line":138,"column":29}},"80":{"start":{"line":140,"column":7},"end":{"line":151,"column":10}},"81":{"start":{"line":141,"column":8},"end":{"line":141,"column":24}},"82":{"start":{"line":142,"column":8},"end":{"line":146,"column":9}},"83":{"start":{"line":143,"column":9},"end":{"line":143,"column":48}},"84":{"start":{"line":145,"column":9},"end":{"line":145,"column":47}},"85":{"start":{"line":147,"column":8},"end":{"line":147,"column":68}},"86":{"start":{"line":148,"column":8},"end":{"line":148,"column":72}},"87":{"start":{"line":149,"column":8},"end":{"line":149,"column":73}},"88":{"start":{"line":150,"column":8},"end":{"line":150,"column":69}},"89":{"start":{"line":153,"column":7},"end":{"line":157,"column":8}},"90":{"start":{"line":154,"column":8},"end":{"line":154,"column":60}},"91":{"start":{"line":156,"column":8},"end":{"line":156,"column":78}},"92":{"start":{"line":158,"column":7},"end":{"line":158,"column":74}},"93":{"start":{"line":159,"column":7},"end":{"line":159,"column":43}},"94":{"start":{"line":162,"column":6},"end":{"line":166,"column":7}},"95":{"start":{"line":163,"column":7},"end":{"line":163,"column":56}},"96":{"start":{"line":165,"column":7},"end":{"line":165,"column":77}},"97":{"start":{"line":167,"column":6},"end":{"line":167,"column":69}},"98":{"start":{"line":169,"column":6},"end":{"line":169,"column":39}},"99":{"start":{"line":179,"column":4},"end":{"line":192,"column":6}},"100":{"start":{"line":181,"column":5},"end":{"line":183,"column":6}},"101":{"start":{"line":182,"column":6},"end":{"line":182,"column":37}},"102":{"start":{"line":184,"column":5},"end":{"line":190,"column":6}},"103":{"start":{"line":186,"column":6},"end":{"line":186,"column":38}},"104":{"start":{"line":187,"column":6},"end":{"line":189,"column":9}},"105":{"start":{"line":188,"column":7},"end":{"line":188,"column":87}},"106":{"start":{"line":191,"column":5},"end":{"line":191,"column":32}},"107":{"start":{"line":200,"column":4},"end":{"line":221,"column":6}},"108":{"start":{"line":204,"column":5},"end":{"line":204,"column":44}},"109":{"start":{"line":205,"column":5},"end":{"line":205,"column":47}},"110":{"start":{"line":206,"column":5},"end":{"line":206,"column":47}},"111":{"start":{"line":207,"column":5},"end":{"line":207,"column":47}},"112":{"start":{"line":208,"column":5},"end":{"line":208,"column":47}},"113":{"start":{"line":209,"column":5},"end":{"line":209,"column":47}},"114":{"start":{"line":214,"column":5},"end":{"line":214,"column":99}},"115":{"start":{"line":215,"column":5},"end":{"line":215,"column":99}},"116":{"start":{"line":216,"column":5},"end":{"line":216,"column":99}},"117":{"start":{"line":217,"column":5},"end":{"line":217,"column":99}},"118":{"start":{"line":218,"column":5},"end":{"line":218,"column":99}},"119":{"start":{"line":220,"column":5},"end":{"line":220,"column":39}},"120":{"start":{"line":228,"column":4},"end":{"line":232,"column":6}},"121":{"start":{"line":229,"column":5},"end":{"line":231,"column":6}},"122":{"start":{"line":230,"column":6},"end":{"line":230,"column":59}},"123":{"start":{"line":243,"column":4},"end":{"line":263,"column":6}},"124":{"start":{"line":244,"column":5},"end":{"line":246,"column":6}},"125":{"start":{"line":245,"column":6},"end":{"line":245,"column":83}},"126":{"start":{"line":247,"column":5},"end":{"line":249,"column":6}},"127":{"start":{"line":248,"column":6},"end":{"line":248,"column":80}},"128":{"start":{"line":253,"column":5},"end":{"line":261,"column":6}},"129":{"start":{"line":254,"column":6},"end":{"line":254,"column":49}},"130":{"start":{"line":255,"column":6},"end":{"line":255,"column":46}},"131":{"start":{"line":256,"column":6},"end":{"line":256,"column":74}},"132":{"start":{"line":258,"column":6},"end":{"line":258,"column":69}},"133":{"start":{"line":259,"column":6},"end":{"line":259,"column":66}},"134":{"start":{"line":260,"column":6},"end":{"line":260,"column":67}},"135":{"start":{"line":272,"column":4},"end":{"line":274,"column":6}},"136":{"start":{"line":273,"column":5},"end":{"line":273,"column":80}},"137":{"start":{"line":282,"column":4},"end":{"line":300,"column":6}},"138":{"start":{"line":284,"column":5},"end":{"line":286,"column":6}},"139":{"start":{"line":285,"column":6},"end":{"line":285,"column":83}},"140":{"start":{"line":287,"column":5},"end":{"line":289,"column":6}},"141":{"start":{"line":288,"column":6},"end":{"line":288,"column":80}},"142":{"start":{"line":290,"column":5},"end":{"line":298,"column":6}},"143":{"start":{"line":291,"column":6},"end":{"line":291,"column":49}},"144":{"start":{"line":292,"column":6},"end":{"line":292,"column":46}},"145":{"start":{"line":293,"column":6},"end":{"line":293,"column":86}},"146":{"start":{"line":295,"column":6},"end":{"line":295,"column":69}},"147":{"start":{"line":296,"column":6},"end":{"line":296,"column":66}},"148":{"start":{"line":297,"column":6},"end":{"line":297,"column":38}},"149":{"start":{"line":310,"column":4},"end":{"line":333,"column":6}},"150":{"start":{"line":311,"column":5},"end":{"line":313,"column":6}},"151":{"start":{"line":312,"column":6},"end":{"line":312,"column":83}},"152":{"start":{"line":314,"column":5},"end":{"line":316,"column":6}},"153":{"start":{"line":315,"column":6},"end":{"line":315,"column":80}},"154":{"start":{"line":318,"column":5},"end":{"line":332,"column":6}},"155":{"start":{"line":319,"column":6},"end":{"line":319,"column":49}},"156":{"start":{"line":320,"column":6},"end":{"line":320,"column":46}},"157":{"start":{"line":321,"column":6},"end":{"line":321,"column":78}},"158":{"start":{"line":323,"column":6},"end":{"line":323,"column":69}},"159":{"start":{"line":324,"column":6},"end":{"line":324,"column":66}},"160":{"start":{"line":325,"column":6},"end":{"line":325,"column":38}},"161":{"start":{"line":327,"column":6},"end":{"line":331,"column":7}},"162":{"start":{"line":328,"column":7},"end":{"line":328,"column":50}},"163":{"start":{"line":329,"column":7},"end":{"line":329,"column":47}},"164":{"start":{"line":330,"column":7},"end":{"line":330,"column":83}},"165":{"start":{"line":338,"column":4},"end":{"line":346,"column":6}},"166":{"start":{"line":339,"column":5},"end":{"line":339,"column":22}},"167":{"start":{"line":340,"column":5},"end":{"line":344,"column":8}},"168":{"start":{"line":341,"column":6},"end":{"line":343,"column":7}},"169":{"start":{"line":342,"column":7},"end":{"line":342,"column":19}},"170":{"start":{"line":345,"column":5},"end":{"line":345,"column":17}},"171":{"start":{"line":351,"column":4},"end":{"line":359,"column":6}},"172":{"start":{"line":352,"column":5},"end":{"line":352,"column":22}},"173":{"start":{"line":353,"column":5},"end":{"line":357,"column":8}},"174":{"start":{"line":354,"column":6},"end":{"line":356,"column":7}},"175":{"start":{"line":355,"column":7},"end":{"line":355,"column":19}},"176":{"start":{"line":358,"column":5},"end":{"line":358,"column":17}},"177":{"start":{"line":365,"column":4},"end":{"line":378,"column":6}},"178":{"start":{"line":368,"column":5},"end":{"line":368,"column":48}},"179":{"start":{"line":369,"column":5},"end":{"line":369,"column":53}},"180":{"start":{"line":370,"column":5},"end":{"line":370,"column":50}},"181":{"start":{"line":371,"column":5},"end":{"line":371,"column":57}},"182":{"start":{"line":372,"column":5},"end":{"line":372,"column":45}},"183":{"start":{"line":373,"column":5},"end":{"line":373,"column":34}},"184":{"start":{"line":376,"column":5},"end":{"line":376,"column":55}},"185":{"start":{"line":386,"column":4},"end":{"line":580,"column":6}},"186":{"start":{"line":387,"column":5},"end":{"line":387,"column":85}},"187":{"start":{"line":393,"column":5},"end":{"line":579,"column":6}},"188":{"start":{"line":394,"column":6},"end":{"line":398,"column":7}},"189":{"start":{"line":395,"column":7},"end":{"line":395,"column":28}},"190":{"start":{"line":397,"column":7},"end":{"line":397,"column":47}},"191":{"start":{"line":399,"column":6},"end":{"line":421,"column":7}},"192":{"start":{"line":400,"column":7},"end":{"line":400,"column":78}},"193":{"start":{"line":401,"column":7},"end":{"line":401,"column":27}},"194":{"start":{"line":402,"column":7},"end":{"line":404,"column":8}},"195":{"start":{"line":403,"column":8},"end":{"line":403,"column":97}},"196":{"start":{"line":405,"column":7},"end":{"line":405,"column":105}},"197":{"start":{"line":406,"column":7},"end":{"line":406,"column":85}},"198":{"start":{"line":407,"column":13},"end":{"line":421,"column":7}},"199":{"start":{"line":408,"column":7},"end":{"line":408,"column":57}},"200":{"start":{"line":412,"column":7},"end":{"line":415,"column":9}},"201":{"start":{"line":416,"column":7},"end":{"line":419,"column":9}},"202":{"start":{"line":420,"column":7},"end":{"line":420,"column":68}},"203":{"start":{"line":422,"column":6},"end":{"line":422,"column":59}},"204":{"start":{"line":423,"column":6},"end":{"line":430,"column":7}},"205":{"start":{"line":424,"column":7},"end":{"line":424,"column":34}},"206":{"start":{"line":425,"column":7},"end":{"line":427,"column":10}},"207":{"start":{"line":426,"column":8},"end":{"line":426,"column":65}},"208":{"start":{"line":428,"column":7},"end":{"line":428,"column":88}},"209":{"start":{"line":429,"column":7},"end":{"line":429,"column":66}},"210":{"start":{"line":431,"column":6},"end":{"line":431,"column":97}},"211":{"start":{"line":432,"column":6},"end":{"line":469,"column":7}},"212":{"start":{"line":433,"column":7},"end":{"line":459,"column":8}},"213":{"start":{"line":434,"column":8},"end":{"line":434,"column":22}},"214":{"start":{"line":435,"column":8},"end":{"line":435,"column":23}},"215":{"start":{"line":436,"column":8},"end":{"line":436,"column":31}},"216":{"start":{"line":437,"column":8},"end":{"line":437,"column":21}},"217":{"start":{"line":438,"column":8},"end":{"line":446,"column":9}},"218":{"start":{"line":440,"column":9},"end":{"line":445,"column":10}},"219":{"start":{"line":441,"column":10},"end":{"line":441,"column":80}},"220":{"start":{"line":442,"column":10},"end":{"line":442,"column":76}},"221":{"start":{"line":443,"column":10},"end":{"line":443,"column":82}},"222":{"start":{"line":444,"column":10},"end":{"line":444,"column":16}},"223":{"start":{"line":447,"column":8},"end":{"line":447,"column":47}},"224":{"start":{"line":448,"column":8},"end":{"line":448,"column":48}},"225":{"start":{"line":449,"column":8},"end":{"line":449,"column":63}},"226":{"start":{"line":451,"column":8},"end":{"line":451,"column":22}},"227":{"start":{"line":452,"column":8},"end":{"line":452,"column":19}},"228":{"start":{"line":453,"column":8},"end":{"line":456,"column":11}},"229":{"start":{"line":454,"column":9},"end":{"line":454,"column":56}},"230":{"start":{"line":455,"column":9},"end":{"line":455,"column":52}},"231":{"start":{"line":457,"column":8},"end":{"line":457,"column":47}},"232":{"start":{"line":458,"column":8},"end":{"line":458,"column":48}},"233":{"start":{"line":461,"column":7},"end":{"line":461,"column":21}},"234":{"start":{"line":462,"column":7},"end":{"line":462,"column":18}},"235":{"start":{"line":463,"column":7},"end":{"line":466,"column":10}},"236":{"start":{"line":464,"column":8},"end":{"line":464,"column":55}},"237":{"start":{"line":465,"column":8},"end":{"line":465,"column":51}},"238":{"start":{"line":467,"column":7},"end":{"line":467,"column":46}},"239":{"start":{"line":468,"column":7},"end":{"line":468,"column":47}},"240":{"start":{"line":471,"column":6},"end":{"line":574,"column":7}},"241":{"start":{"line":474,"column":7},"end":{"line":474,"column":50}},"242":{"start":{"line":475,"column":7},"end":{"line":475,"column":47}},"243":{"start":{"line":476,"column":7},"end":{"line":476,"column":85}},"244":{"start":{"line":479,"column":7},"end":{"line":483,"column":8}},"245":{"start":{"line":480,"column":8},"end":{"line":480,"column":56}},"246":{"start":{"line":481,"column":8},"end":{"line":481,"column":53}},"247":{"start":{"line":482,"column":8},"end":{"line":482,"column":40}},"248":{"start":{"line":484,"column":7},"end":{"line":488,"column":8}},"249":{"start":{"line":485,"column":8},"end":{"line":485,"column":84}},"250":{"start":{"line":487,"column":8},"end":{"line":487,"column":119}},"251":{"start":{"line":491,"column":7},"end":{"line":491,"column":100}},"252":{"start":{"line":493,"column":7},"end":{"line":493,"column":31}},"253":{"start":{"line":494,"column":7},"end":{"line":494,"column":69}},"254":{"start":{"line":495,"column":7},"end":{"line":495,"column":61}},"255":{"start":{"line":501,"column":7},"end":{"line":501,"column":50}},"256":{"start":{"line":503,"column":7},"end":{"line":573,"column":10}},"257":{"start":{"line":505,"column":8},"end":{"line":505,"column":48}},"258":{"start":{"line":506,"column":8},"end":{"line":506,"column":40}},"259":{"start":{"line":507,"column":8},"end":{"line":507,"column":35}},"260":{"start":{"line":511,"column":8},"end":{"line":511,"column":63}},"261":{"start":{"line":512,"column":8},"end":{"line":512,"column":56}},"262":{"start":{"line":513,"column":8},"end":{"line":571,"column":9}},"263":{"start":{"line":514,"column":9},"end":{"line":514,"column":52}},"264":{"start":{"line":515,"column":9},"end":{"line":515,"column":49}},"265":{"start":{"line":516,"column":9},"end":{"line":516,"column":71}},"266":{"start":{"line":517,"column":9},"end":{"line":517,"column":44}},"267":{"start":{"line":518,"column":15},"end":{"line":571,"column":9}},"268":{"start":{"line":519,"column":9},"end":{"line":519,"column":37}},"269":{"start":{"line":520,"column":9},"end":{"line":520,"column":52}},"270":{"start":{"line":521,"column":9},"end":{"line":521,"column":49}},"271":{"start":{"line":522,"column":9},"end":{"line":522,"column":84}},"272":{"start":{"line":523,"column":9},"end":{"line":523,"column":44}},"273":{"start":{"line":524,"column":15},"end":{"line":571,"column":9}},"274":{"start":{"line":525,"column":9},"end":{"line":525,"column":52}},"275":{"start":{"line":526,"column":9},"end":{"line":526,"column":49}},"276":{"start":{"line":527,"column":9},"end":{"line":527,"column":85}},"277":{"start":{"line":529,"column":9},"end":{"line":529,"column":45}},"278":{"start":{"line":530,"column":9},"end":{"line":530,"column":37}},"279":{"start":{"line":531,"column":9},"end":{"line":535,"column":10}},"280":{"start":{"line":532,"column":10},"end":{"line":532,"column":58}},"281":{"start":{"line":533,"column":10},"end":{"line":533,"column":55}},"282":{"start":{"line":534,"column":10},"end":{"line":534,"column":42}},"283":{"start":{"line":536,"column":9},"end":{"line":536,"column":75}},"284":{"start":{"line":537,"column":9},"end":{"line":537,"column":22}},"285":{"start":{"line":538,"column":9},"end":{"line":544,"column":10}},"286":{"start":{"line":539,"column":10},"end":{"line":543,"column":11}},"287":{"start":{"line":540,"column":11},"end":{"line":540,"column":68}},"288":{"start":{"line":542,"column":11},"end":{"line":542,"column":17}},"289":{"start":{"line":545,"column":9},"end":{"line":545,"column":38}},"290":{"start":{"line":546,"column":9},"end":{"line":546,"column":59}},"291":{"start":{"line":547,"column":9},"end":{"line":570,"column":10}},"292":{"start":{"line":548,"column":10},"end":{"line":548,"column":89}},"293":{"start":{"line":549,"column":10},"end":{"line":549,"column":41}},"294":{"start":{"line":551,"column":10},"end":{"line":565,"column":11}},"295":{"start":{"line":552,"column":11},"end":{"line":561,"column":15}},"296":{"start":{"line":559,"column":14},"end":{"line":559,"column":129}},"297":{"start":{"line":562,"column":11},"end":{"line":562,"column":57}},"298":{"start":{"line":564,"column":11},"end":{"line":564,"column":39}},"299":{"start":{"line":566,"column":10},"end":{"line":566,"column":29}},"300":{"start":{"line":567,"column":10},"end":{"line":569,"column":11}},"301":{"start":{"line":568,"column":11},"end":{"line":568,"column":39}},"302":{"start":{"line":572,"column":8},"end":{"line":572,"column":35}},"303":{"start":{"line":576,"column":6},"end":{"line":576,"column":54}},"304":{"start":{"line":577,"column":6},"end":{"line":577,"column":51}},"305":{"start":{"line":578,"column":6},"end":{"line":578,"column":38}},"306":{"start":{"line":587,"column":4},"end":{"line":593,"column":6}},"307":{"start":{"line":589,"column":5},"end":{"line":592,"column":13}},"308":{"start":{"line":590,"column":6},"end":{"line":590,"column":101}},"309":{"start":{"line":591,"column":6},"end":{"line":591,"column":35}},"310":{"start":{"line":599,"column":4},"end":{"line":648,"column":6}},"311":{"start":{"line":600,"column":5},"end":{"line":603,"column":21}},"312":{"start":{"line":604,"column":5},"end":{"line":647,"column":6}},"313":{"start":{"line":605,"column":6},"end":{"line":642,"column":7}},"314":{"start":{"line":606,"column":7},"end":{"line":619,"column":10}},"315":{"start":{"line":607,"column":8},"end":{"line":609,"column":9}},"316":{"start":{"line":608,"column":9},"end":{"line":608,"column":34}},"317":{"start":{"line":611,"column":8},"end":{"line":618,"column":9}},"318":{"start":{"line":612,"column":9},"end":{"line":614,"column":10}},"319":{"start":{"line":613,"column":10},"end":{"line":613,"column":38}},"320":{"start":{"line":615,"column":9},"end":{"line":615,"column":39}},"321":{"start":{"line":617,"column":9},"end":{"line":617,"column":45}},"322":{"start":{"line":621,"column":7},"end":{"line":632,"column":8}},"323":{"start":{"line":622,"column":8},"end":{"line":622,"column":51}},"324":{"start":{"line":623,"column":8},"end":{"line":623,"column":48}},"325":{"start":{"line":624,"column":8},"end":{"line":627,"column":9}},"326":{"start":{"line":625,"column":9},"end":{"line":625,"column":57}},"327":{"start":{"line":626,"column":9},"end":{"line":626,"column":54}},"328":{"start":{"line":630,"column":8},"end":{"line":630,"column":52}},"329":{"start":{"line":631,"column":8},"end":{"line":631,"column":49}},"330":{"start":{"line":634,"column":7},"end":{"line":637,"column":8}},"331":{"start":{"line":635,"column":8},"end":{"line":635,"column":51}},"332":{"start":{"line":636,"column":8},"end":{"line":636,"column":48}},"333":{"start":{"line":640,"column":7},"end":{"line":640,"column":55}},"334":{"start":{"line":641,"column":7},"end":{"line":641,"column":52}},"335":{"start":{"line":643,"column":6},"end":{"line":646,"column":7}},"336":{"start":{"line":644,"column":7},"end":{"line":644,"column":50}},"337":{"start":{"line":645,"column":7},"end":{"line":645,"column":47}},"338":{"start":{"line":656,"column":4},"end":{"line":777,"column":6}},"339":{"start":{"line":657,"column":5},"end":{"line":727,"column":6}},"340":{"start":{"line":658,"column":6},"end":{"line":658,"column":79}},"341":{"start":{"line":659,"column":6},"end":{"line":659,"column":39}},"342":{"start":{"line":660,"column":6},"end":{"line":660,"column":36}},"343":{"start":{"line":661,"column":6},"end":{"line":726,"column":7}},"344":{"start":{"line":664,"column":7},"end":{"line":680,"column":10}},"345":{"start":{"line":665,"column":8},"end":{"line":665,"column":78}},"346":{"start":{"line":666,"column":8},"end":{"line":678,"column":11}},"347":{"start":{"line":667,"column":9},"end":{"line":677,"column":10}},"348":{"start":{"line":668,"column":10},"end":{"line":668,"column":81}},"349":{"start":{"line":669,"column":10},"end":{"line":669,"column":81}},"350":{"start":{"line":670,"column":10},"end":{"line":670,"column":49}},"351":{"start":{"line":671,"column":10},"end":{"line":675,"column":11}},"352":{"start":{"line":672,"column":11},"end":{"line":672,"column":76}},"353":{"start":{"line":673,"column":11},"end":{"line":673,"column":86}},"354":{"start":{"line":674,"column":11},"end":{"line":674,"column":89}},"355":{"start":{"line":676,"column":10},"end":{"line":676,"column":111}},"356":{"start":{"line":682,"column":7},"end":{"line":682,"column":32}},"357":{"start":{"line":684,"column":7},"end":{"line":712,"column":8}},"358":{"start":{"line":687,"column":8},"end":{"line":701,"column":9}},"359":{"start":{"line":688,"column":9},"end":{"line":691,"column":12}},"360":{"start":{"line":689,"column":10},"end":{"line":689,"column":80}},"361":{"start":{"line":690,"column":10},"end":{"line":690,"column":154}},"362":{"start":{"line":695,"column":9},"end":{"line":700,"column":12}},"363":{"start":{"line":696,"column":10},"end":{"line":699,"column":11}},"364":{"start":{"line":697,"column":11},"end":{"line":697,"column":82}},"365":{"start":{"line":698,"column":11},"end":{"line":698,"column":156}},"366":{"start":{"line":704,"column":8},"end":{"line":711,"column":11}},"367":{"start":{"line":705,"column":9},"end":{"line":705,"column":78}},"368":{"start":{"line":706,"column":9},"end":{"line":706,"column":152}},"369":{"start":{"line":707,"column":9},"end":{"line":710,"column":10}},"370":{"start":{"line":708,"column":10},"end":{"line":708,"column":42}},"371":{"start":{"line":709,"column":10},"end":{"line":709,"column":42}},"372":{"start":{"line":714,"column":7},"end":{"line":714,"column":34}},"373":{"start":{"line":716,"column":7},"end":{"line":716,"column":34}},"374":{"start":{"line":718,"column":7},"end":{"line":722,"column":15}},"375":{"start":{"line":719,"column":8},"end":{"line":721,"column":9}},"376":{"start":{"line":720,"column":9},"end":{"line":720,"column":36}},"377":{"start":{"line":723,"column":7},"end":{"line":723,"column":33}},"378":{"start":{"line":724,"column":7},"end":{"line":724,"column":37}},"379":{"start":{"line":725,"column":7},"end":{"line":725,"column":40}},"380":{"start":{"line":729,"column":5},"end":{"line":733,"column":7}},"381":{"start":{"line":730,"column":6},"end":{"line":732,"column":9}},"382":{"start":{"line":731,"column":7},"end":{"line":731,"column":46}},"383":{"start":{"line":734,"column":5},"end":{"line":742,"column":7}},"384":{"start":{"line":735,"column":6},"end":{"line":735,"column":22}},"385":{"start":{"line":736,"column":6},"end":{"line":740,"column":9}},"386":{"start":{"line":737,"column":7},"end":{"line":739,"column":8}},"387":{"start":{"line":738,"column":8},"end":{"line":738,"column":21}},"388":{"start":{"line":741,"column":6},"end":{"line":741,"column":18}},"389":{"start":{"line":744,"column":5},"end":{"line":764,"column":7}},"390":{"start":{"line":745,"column":6},"end":{"line":745,"column":32}},"391":{"start":{"line":746,"column":6},"end":{"line":763,"column":7}},"392":{"start":{"line":747,"column":7},"end":{"line":747,"column":61}},"393":{"start":{"line":748,"column":7},"end":{"line":762,"column":47}},"394":{"start":{"line":749,"column":8},"end":{"line":754,"column":9}},"395":{"start":{"line":750,"column":9},"end":{"line":750,"column":30}},"396":{"start":{"line":751,"column":9},"end":{"line":751,"column":39}},"397":{"start":{"line":753,"column":9},"end":{"line":753,"column":37}},"398":{"start":{"line":755,"column":8},"end":{"line":761,"column":9}},"399":{"start":{"line":756,"column":9},"end":{"line":760,"column":10}},"400":{"start":{"line":757,"column":10},"end":{"line":757,"column":66}},"401":{"start":{"line":759,"column":10},"end":{"line":759,"column":61}},"402":{"start":{"line":765,"column":5},"end":{"line":769,"column":6}},"403":{"start":{"line":766,"column":6},"end":{"line":766,"column":33}},"404":{"start":{"line":768,"column":6},"end":{"line":768,"column":33}},"405":{"start":{"line":770,"column":5},"end":{"line":772,"column":6}},"406":{"start":{"line":771,"column":6},"end":{"line":771,"column":36}},"407":{"start":{"line":773,"column":5},"end":{"line":775,"column":6}},"408":{"start":{"line":774,"column":6},"end":{"line":774,"column":41}},"409":{"start":{"line":776,"column":5},"end":{"line":776,"column":36}},"410":{"start":{"line":784,"column":4},"end":{"line":795,"column":6}},"411":{"start":{"line":785,"column":5},"end":{"line":794,"column":6}},"412":{"start":{"line":787,"column":6},"end":{"line":791,"column":7}},"413":{"start":{"line":788,"column":7},"end":{"line":788,"column":40}},"414":{"start":{"line":790,"column":7},"end":{"line":790,"column":39}},"415":{"start":{"line":793,"column":6},"end":{"line":793,"column":38}},"416":{"start":{"line":803,"column":4},"end":{"line":811,"column":6}},"417":{"start":{"line":805,"column":20},"end":{"line":809,"column":21}},"418":{"start":{"line":806,"column":24},"end":{"line":806,"column":106}},"419":{"start":{"line":808,"column":8},"end":{"line":808,"column":102}},"420":{"start":{"line":810,"column":5},"end":{"line":810,"column":81}},"421":{"start":{"line":820,"column":4},"end":{"line":825,"column":6}},"422":{"start":{"line":821,"column":5},"end":{"line":823,"column":6}},"423":{"start":{"line":822,"column":6},"end":{"line":822,"column":18}},"424":{"start":{"line":824,"column":5},"end":{"line":824,"column":18}},"425":{"start":{"line":832,"column":4},"end":{"line":889,"column":6}},"426":{"start":{"line":833,"column":5},"end":{"line":835,"column":6}},"427":{"start":{"line":834,"column":6},"end":{"line":834,"column":86}},"428":{"start":{"line":837,"column":5},"end":{"line":837,"column":75}},"429":{"start":{"line":838,"column":5},"end":{"line":838,"column":36}},"430":{"start":{"line":840,"column":5},"end":{"line":840,"column":29}},"431":{"start":{"line":841,"column":5},"end":{"line":841,"column":31}},"432":{"start":{"line":842,"column":5},"end":{"line":842,"column":26}},"433":{"start":{"line":843,"column":5},"end":{"line":843,"column":31}},"434":{"start":{"line":844,"column":5},"end":{"line":844,"column":36}},"435":{"start":{"line":845,"column":5},"end":{"line":845,"column":32}},"436":{"start":{"line":846,"column":5},"end":{"line":846,"column":30}},"437":{"start":{"line":847,"column":5},"end":{"line":847,"column":41}},"438":{"start":{"line":848,"column":5},"end":{"line":851,"column":7}},"439":{"start":{"line":852,"column":5},"end":{"line":855,"column":7}},"440":{"start":{"line":856,"column":5},"end":{"line":856,"column":65}},"441":{"start":{"line":857,"column":5},"end":{"line":862,"column":6}},"442":{"start":{"line":859,"column":6},"end":{"line":861,"column":7}},"443":{"start":{"line":860,"column":7},"end":{"line":860,"column":34}},"444":{"start":{"line":863,"column":5},"end":{"line":863,"column":57}},"445":{"start":{"line":865,"column":5},"end":{"line":868,"column":7}},"446":{"start":{"line":867,"column":6},"end":{"line":867,"column":125}},"447":{"start":{"line":873,"column":5},"end":{"line":878,"column":8}},"448":{"start":{"line":874,"column":6},"end":{"line":877,"column":9}},"449":{"start":{"line":879,"column":5},"end":{"line":879,"column":42}},"450":{"start":{"line":880,"column":5},"end":{"line":880,"column":47}},"451":{"start":{"line":881,"column":5},"end":{"line":881,"column":52}},"452":{"start":{"line":882,"column":5},"end":{"line":882,"column":40}},"453":{"start":{"line":883,"column":5},"end":{"line":888,"column":12}},"454":{"start":{"line":884,"column":6},"end":{"line":884,"column":40}},"455":{"start":{"line":886,"column":6},"end":{"line":886,"column":71}},"456":{"start":{"line":887,"column":6},"end":{"line":887,"column":69}},"457":{"start":{"line":895,"column":4},"end":{"line":904,"column":6}},"458":{"start":{"line":896,"column":5},"end":{"line":903,"column":6}}
[...]
":37},"end":{"line":1381,"column":94}},{"start":{"line":1381,"column":98},"end":{"line":1381,"column":99}}]},"227":{"line":1382,"type":"binary-expr","locations":[{"start":{"line":1382,"column":36},"end":{"line":1382,"column":92}},{"start":{"line":1382,"column":96},"end":{"line":1382,"column":97}}]},"228":{"line":1383,"type":"binary-expr","locations":[{"start":{"line":1383,"column":37},"end":{"line":1383,"column":94}},{"start":{"line":1383,"column":98},"end":{"line":1383,"column":99}}]},"229":{"line":1384,"type":"binary-expr","locations":[{"start":{"line":1384,"column":37},"end":{"line":1384,"column":94}},{"start":{"line":1384,"column":98},"end":{"line":1384,"column":99}}]},"230":{"line":1385,"type":"binary-expr","locations":[{"start":{"line":1385,"column":39},"end":{"line":1385,"column":100}},{"start":{"line":1385,"column":104},"end":{"line":1385,"column":105}}]},"231":{"line":1386,"type":"binary-expr","locations":[{"start":{"line":1386,"column":47},"end":{"line":1386,"column":108}},{"start":{"line":1386,"column":112},"end":{"line":1386,"column":113}}]},"232":{"line":1387,"type":"if","locations":[{"start":{"line":1387,"column":20},"end":{"line":1387,"column":20}},{"start":{"line":1387,"column":20},"end":{"line":1387,"column":20}}]},"233":{"line":1406,"type":"if","locations":[{"start":{"line":1406,"column":16},"end":{"line":1406,"column":16}},{"start":{"line":1406,"column":16},"end":{"line":1406,"column":16}}]},"234":{"line":1416,"type":"if","locations":[{"start":{"line":1416,"column":16},"end":{"line":1416,"column":16}},{"start":{"line":1416,"column":16},"end":{"line":1416,"column":16}}]},"235":{"line":1416,"type":"binary-expr","locations":[{"start":{"line":1416,"column":20},"end":{"line":1416,"column":45}},{"start":{"line":1416,"column":49},"end":{"line":1416,"column":78}}]},"236":{"line":1429,"type":"if","locations":[{"start":{"line":1429,"column":16},"end":{"line":1429,"column":16}},{"start":{"line":1429,"column":16},"end":{"line":1429,"column":16}}]},"237":{"line":1444,"type":"if","locations":[{"start":{"line":1444,"column":16},"end":{"line":1444,"column":16}},{"start":{"line":1444,"column":16},"end":{"line":1444,"column":16}}]},"238":{"line":1460,"type":"cond-expr","locations":[{"start":{"line":1460,"column":73},"end":{"line":1460,"column":93}},{"start":{"line":1460,"column":96},"end":{"line":1460,"column":97}}]},"239":{"line":1462,"type":"if","locations":[{"start":{"line":1462,"column":16},"end":{"line":1462,"column":16}},{"start":{"line":1462,"column":16},"end":{"line":1462,"column":16}}]},"240":{"line":1462,"type":"binary-expr","locations":[{"start":{"line":1462,"column":20},"end":{"line":1462,"column":77}},{"start":{"line":1462,"column":81},"end":{"line":1462,"column":138}},{"start":{"line":1462,"column":143},"end":{"line":1462,"column":199}},{"start":{"line":1462,"column":204},"end":{"line":1462,"column":269}}]},"241":{"line":1465,"type":"if","locations":[{"start":{"line":1465,"column":23},"end":{"line":1465,"column":23}},{"start":{"line":1465,"column":23},"end":{"line":1465,"column":23}}]},"242":{"line":1465,"type":"binary-expr","locations":[{"start":{"line":1465,"column":27},"end":{"line":1465,"column":83}},{"start":{"line":1465,"column":88},"end":{"line":1465,"column":144}},{"start":{"line":1465,"column":149},"end":{"line":1465,"column":214}},{"start":{"line":1465,"column":218},"end":{"line":1465,"column":228}},{"start":{"line":1465,"column":232},"end":{"line":1465,"column":242}}]},"243":{"line":1468,"type":"if","locations":[{"start":{"line":1468,"column":23},"end":{"line":1468,"column":23}},{"start":{"line":1468,"column":23},"end":{"line":1468,"column":23}}]},"244":{"line":1468,"type":"binary-expr","locations":[{"start":{"line":1468,"column":27},"end":{"line":1468,"column":82}},{"start":{"line":1468,"column":87},"end":{"line":1468,"column":143}},{"start":{"line":1468,"column":148},"end":{"line":1468,"column":213}},{"start":{"line":1468,"column":217},"end":{"line":1468,"column":226}},{"start":{"line":1468,"column":230},"end":{"line":1468,"column":240}}]},"245":{"line":1471,"type":"if","locations":[{"start":{"line":1471,"column":23},"end":{"line":1471,"column":23}},{"start":{"line":1471,"column":23},"end":{"line":1471,"column":23}}]},"246":{"line":1471,"type":"binary-expr","locations":[{"start":{"line":1471,"column":27},"end":{"line":1471,"column":83}},{"start":{"line":1471,"column":88},"end":{"line":1471,"column":143}},{"start":{"line":1471,"column":148},"end":{"line":1471,"column":213}},{"start":{"line":1471,"column":217},"end":{"line":1471,"column":227}},{"start":{"line":1471,"column":231},"end":{"line":1471,"column":240}}]},"247":{"line":1487,"type":"if","locations":[{"start":{"line":1487,"column":16},"end":{"line":1487,"column":16}},{"start":{"line":1487,"column":16},"end":{"line":1487,"column":16}}]},"248":{"line":1488,"type":"binary-expr","locations":[{"start":{"line":1488,"column":37},"end":{"line":1488,"column":125}},{"start":{"line":1488,"column":130},"end":{"line":1488,"column":132}}]},"249":{"line":1492,"type":"binary-expr","locations":[{"start":{"line":1492,"column":36},"end":{"line":1492,"column":137}},{"start":{"line":1492,"column":141},"end":{"line":1492,"column":143}}]},"250":{"line":1503,"type":"if","locations":[{"start":{"line":1503,"column":16},"end":{"line":1503,"column":16}},{"start":{"line":1503,"column":16},"end":{"line":1503,"column":16}}]},"251":{"line":1504,"type":"binary-expr","locations":[{"start":{"line":1504,"column":33},"end":{"line":1504,"column":134}},{"start":{"line":1504,"column":138},"end":{"line":1504,"column":140}}]},"252":{"line":1507,"type":"binary-expr","locations":[{"start":{"line":1507,"column":33},"end":{"line":1507,"column":137}},{"start":{"line":1507,"column":141},"end":{"line":1507,"column":143}}]},"253":{"line":1514,"type":"binary-expr","locations":[{"start":{"line":1514,"column":33},"end":{"line":1514,"column":94}},{"start":{"line":1514,"column":98},"end":{"line":1514,"column":99}}]},"254":{"line":1515,"type":"binary-expr","locations":[{"start":{"line":1515,"column":32},"end":{"line":1515,"column":92}},{"start":{"line":1515,"column":96},"end":{"line":1515,"column":97}}]},"255":{"line":1516,"type":"binary-expr","locations":[{"start":{"line":1516,"column":33},"end":{"line":1516,"column":94}},{"start":{"line":1516,"column":98},"end":{"line":1516,"column":99}}]},"256":{"line":1517,"type":"binary-expr","locations":[{"start":{"line":1517,"column":33},"end":{"line":1517,"column":94}},{"start":{"line":1517,"column":98},"end":{"line":1517,"column":99}}]},"257":{"line":1518,"type":"binary-expr","locations":[{"start":{"line":1518,"column":35},"end":{"line":1518,"column":100}},{"start":{"line":1518,"column":104},"end":{"line":1518,"column":105}}]},"258":{"line":1519,"type":"binary-expr","locations":[{"start":{"line":1519,"column":43},"end":{"line":1519,"column":108}},{"start":{"line":1519,"column":112},"end":{"line":1519,"column":113}}]},"259":{"line":1520,"type":"if","locations":[{"start":{"line":1520,"column":16},"end":{"line":1520,"column":16}},{"start":{"line":1520,"column":16},"end":{"line":1520,"column":16}}]},"260":{"line":1531,"type":"if","locations":[{"start":{"line":1531,"column":16},"end":{"line":1531,"column":16}},{"start":{"line":1531,"column":16},"end":{"line":1531,"column":16}}]},"261":{"line":1551,"type":"if","locations":[{"start":{"line":1551,"column":16},"end":{"line":1551,"column":16}},{"start":{"line":1551,"column":16},"end":{"line":1551,"column":16}}]},"262":{"line":1554,"type":"if","locations":[{"start":{"line":1554,"column":24},"end":{"line":1554,"column":24}},{"start":{"line":1554,"column":24},"end":{"line":1554,"column":24}}]},"263":{"line":1559,"type":"if","locations":[{"start":{"line":1559,"column":20},"end":{"line":1559,"column":20}},{"start":{"line":1559,"column":20},"end":{"line":1559,"column":20}}]},"264":{"line":1563,"type":"binary-expr","locations":[{"start":{"line":1563,"column":37},"end":{"line":1563,"column":86}},{"start":{"line":1563,"column":90},"end":{"line":1563,"column":92}}]},"265":{"line":1587,"type":"if","locations":[{"start":{"line":1587,"column":16},"end":{"line":1587,"column":16}},{"start":{"line":1587,"column":16},"end":{"line":1587,"column":16}}]},"266":{"line":1587,"type":"binary-expr","locations":[{"start":{"line":1587,"column":20},"end":{"line":1587,"column":65}},{"start":{"line":1587,"column":69},"end":{"line":1587,"column":114}}]},"267":{"line":1602,"type":"if","locations":[{"start":{"line":1602,"column":24},"end":{"line":1602,"column":24}},{"start":{"line":1602,"column":24},"end":{"line":1602,"column":24}}]},"268":{"line":1608,"type":"if","locations":[{"start":{"line":1608,"column":24},"end":{"line":1608,"column":24}},{"start":{"line":1608,"column":24},"end":{"line":1608,"column":24}}]},"269":{"line":1613,"type":"if","locations":[{"start":{"line":1613,"column":24},"end":{"line":1613,"column":24}},{"start":{"line":1613,"column":24},"end":{"line":1613,"column":24}}]},"270":{"line":1619,"type":"if","locations":[{"start":{"line":1619,"column":24},"end":{"line":1619,"column":24}},{"start":{"line":1619,"column":24},"end":{"line":1619,"column":24}}]},"271":{"line":1619,"type":"binary-expr","locations":[{"start":{"line":1619,"column":29},"end":{"line":1619,"column":60}},{"start":{"line":1619,"column":66},"end":{"line":1619,"column":97}}]},"272":{"line":1625,"type":"if","locations":[{"start":{"line":1625,"column":20},"end":{"line":1625,"column":20}},{"start":{"line":1625,"column":20},"end":{"line":1625,"column":20}}]},"273":{"line":1628,"type":"if","locations":[{"start":{"line":1628,"column":24},"end":{"line":1628,"column":24}},{"start":{"line":1628,"column":24},"end":{"line":1628,"column":24}}]},"274":{"line":1630,"type":"if","locations":[{"start":{"line":1630,"column":35},"end":{"line":1630,"column":35}},{"start":{"line":1630,"column":35},"end":{"line":1630,"column":35}}]},"275":{"line":1632,"type":"if","locations":[{"start":{"line":1632,"column":35},"end":{"line":1632,"column":35}},{"start":{"line":1632,"column":35},"end":{"line":1632,"column":35}}]},"276":{"line":1650,"type":"if","locations":[{"start":{"line":1650,"column":20},"end":{"line":1650,"column":20}},{"start":{"line":1650,"column":20},"end":{"line":1650,"column":20}}]},"277":{"line":1664,"type":"if","locations":[{"start":{"line":1664,"column":16},"end":{"line":1664,"column":16}},{"start":{"line":1664,"column":16},"end":{"line":1664,"column":16}}]},"278":{"line":1682,"type":"if","locations":[{"start":{"line":1682,"column":16},"end":{"line":1682,"column":16}},{"start":{"line":1682,"column":16},"end":{"line":1682,"column":16}}]},"279":{"line":1701,"type":"cond-expr","locations":[{"start":{"line":1701,"column":92},"end":{"line":1701,"column":128}},{"start":{"line":1701,"column":131},"end":{"line":1701,"column":133}}]},"280":{"line":1702,"type":"if","locations":[{"start":{"line":1702,"column":16},"end":{"line":1702,"column":16}},{"start":{"line":1702,"column":16},"end":{"line":1702,"column":16}}]},"281":{"line":1706,"type":"if","locations":[{"start":{"line":1706,"column":16},"end":{"line":1706,"column":16}},{"start":{"line":1706,"column":16},"end":{"line":1706,"column":16}}]}},"l":{"3":1,"5":28,"6":28,"7":28,"8":28,"9":28,"10":28,"11":28,"12":28,"13":28,"14":28,"15":28,"16":28,"17":28,"18":28,"19":28,"20":28,"21":28,"22":28,"23":28,"24":28,"25":28,"26":28,"27":28,"28":28,"29":28,"30":28,"31":28,"32":28,"33":28,"34":28,"35":28,"37":28,"39":28,"42":28,"43":0,"47":28,"48":28,"49":28,"50":28,"51":28,"52":28,"53":28,"54":28,"55":28,"56":28,"57":28,"60":28,"61":0,"62":0,"63":0,"64":0,"65":0,"66":0,"67":0,"68":0,"69":0,"70":0,"71":0,"72":0,"73":0,"74":0,"75":0,"76":0,"79":0,"80":0,"81":0,"85":28,"86":0,"87":0,"88":0,"89":0,"90":0,"92":0,"93":0,"94":0,"95":0,"96":0,"97":0,"102":0,"103":0,"106":0,"109":28,"110":0,"111":0,"113":0,"116":0,"117":0,"118":0,"119":0,"120":0,"124":0,"127":28,"128":0,"147":0,"148":0,"149":0,"152":28,"153":28,"172":28,"173":28,"176":28,"177":0,"178":0,"179":0,"186":0,"187":0,"188":0,"191":28,"192":2,"193":1,"195":2,"196":1,"198":2,"199":0,"201":2,"202":1,"203":1,"204":1,"206":2,"207":1,"208":1,"210":2,"211":1,"212":0,"213":0,"217":28,"219":28,"220":0,"221":0,"222":0,"226":28,"227":8,"228":8,"229":6,"230":6,"231":6,"232":6,"233":6,"234":6,"238":2,"239":2,"240":2,"241":2,"242":2,"243":2,"250":28,"252":4,"253":4,"254":3,"255":3,"256":3,"257":3,"260":3,"261":3,"262":3,"263":3,"264":3,"265":3,"266":3,"268":3,"269":1,"270":1,"271":1,"272":2,"273":1,"274":1,"275":1,"276":1,"277":1,"278":1,"279":1,"281":0,"282":0,"283":0,"286":3,"289":3,"292":1,"293":1,"297":28,"298":8,"299":1,"301":7,"306":28,"307":6,"308":6,"309":6,"310":6,"311":6,"312":5,"313":0,"314":0,"315":0,"317":0,"318":0,"320":5,"321":5,"322":5,"324":5,"326":1,"327":1,"328":0,"329":0,"330":0,"332":0,"333":0,"335":1,"336":1,"337":1,"339":1,"343":6,"345":6,"346":6,"347":6,"348":6,"352":28,"353":0,"354":0,"355":0,"356":0,"357":0,"358":0,"359":0,"360":0,"362":0,"365":28,"366":0,"367":0,"368":0,"369":0,"370":0,"371":0,"372":0,"373":0,"375":0,"376":0,"378":0,"379":0,"380":0,"383":0,"384":0,"386":0,"387":0,"388":0,"390":0,"391":0,"392":0,"393":0,"394":0,"397":0,"398":0,"399":0,"401":0,"403":0,"404":0,"405":0,"407":0,"408":0,"409":0,"410":0,"411":0,"412":0,"413":0,"414":0,"415":0,"416":0,"417":0,"421":0,"424":0,"425":0,"427":0,"428":0,"429":0,"430":0,"433":0,"434":0,"435":0,"436":0,"438":0,"439":0,"440":0,"441":0,"443":0,"444":0,"448":0,"449":0,"450":0,"451":0,"452":0,"453":0,"454":0,"455":0,"456":0,"457":0,"458":0,"461":0,"462":0,"463":0,"464":0,"467":0,"470":0,"471":0,"473":0,"476":0,"477":0,"480":0,"481":0,"482":0,"484":0,"485":0,"487":0,"491":28,"493":28,"494":28,"496":0,"500":28,"501":3,"502":3,"504":3,"505":0,"508":3,"509":3,"510":3,"511":3,"514":3,"518":3,"536":3,"537":3,"539":3,"540":3,"541":3,"542":3,"543":3,"544":3,"545":3,"547":28,"548":28,"550":28,"551":3,"552":0,"555":3,"556":6,"557":0,"558":0,"559":0,"562":0,"563":0,"564":0,"565":0,"566":0,"571":0,"573":0,"574":0,"579":6,"580":6,"584":28,"585":0,"587":0,"588":0,"589":0,"592":0,"593":0,"594":0,"595":0,"596":0,"597":0,"598":0,"599":0,"605":0,"606":0,"611":28,"612":15,"613":4,"614":4,"616":11,"617":0,"619":11,"624":28,"625":11,"629":11,"630":0,"631":0,"632":0,"635":11,"639":28,"640":1,"641":1,"642":1,"643":1,"650":28,"651":37,"652":37,"655":28,"656":28,"657":28,"658":3,"659":0,"665":28,"667":28,"668":28,"669":28,"671":28,"672":28,"675":28,"676":31,"677":9,"678":9,"684":28,"686":0,"687":0,"688":0,"689":0,"693":28,"694":0,"695":0,"696":0,"699":0,"700":0,"701":0,"702":0,"703":0,"704":0,"706":0,"708":0,"709":0,"710":0,"711":0,"713":0,"714":0,"715":0,"716":0,"717":0,"718":0,"719":0,"724":28,"725":0,"726":0,"727":0,"729":0,"730":0,"731":0,"732":0,"734":0,"735":0,"736":0,"737":0,"739":0,"740":0,"743":28,"744":0,"745":0,"749":28,"750":0,"751":0,"752":0,"753":0,"754":0,"755":0,"757":0,"758":0,"762":28,"763":0,"764":0,"765":0,"766":0,"767":0,"769":0,"770":0,"771":0,"772":0,"773":0,"774":0,"777":0,"781":0,"782":0,"783":0,"785":0,"786":0,"788":0,"789":0,"792":0,"793":0,"794":0,"795":0,"796":0,"797":0,"798":0,"800":0,"801":0,"803":0,"804":0,"805":0,"806":0,"807":0,"808":0,"809":0,"810":0,"811":0,"812":0,"813":0,"814":0,"815":0,"816":0,"817":0,"819":0,"820":0,"821":0,"822":0,"823":0,"826":0,"827":0,"828":0,"830":0,"834":0,"835":0,"837":0,"838":0,"840":0,"841":0,"842":0,"843":0,"848":28,"849":0,"850":0,"851":0,"852":0,"853":0,"854":0,"855":0,"865":28,"866":0,"867":0,"868":0,"869":0,"870":0,"871":0,"872":0,"882":28,"883":0,"884":0,"885":0,"886":0,"887":0,"888":0,"889":0,"891":0,"893":0,"896":0,"902":28,"904":6,"905":0,"907":6,"910":28,"912":6,"913":6,"914":1,"915":1,"916":1,"918":5,"919":1,"920":1,"922":4,"923":4,"924":4,"929":28,"930":6,"935":6,"936":6,"937":6,"938":6,"939":6,"940":6,"941":6,"945":6,"946":6,"947":0,"951":6,"953":6,"955":6,"956":6,"960":28,"961":0,"962":0,"963":0,"964":0,"965":0,"966":0,"967":0,"968":0,"969":0,"971":0,"972":0,"974":0,"975":0,"976":0,"977":0,"978":0,"981":1,"982":9,"985":28,"986":12,"987":12,"988":5,"990":12,"991":12,"995":28,"996":0,"997":0,"998":0,"999":0,"1000":0,"1001":0,"1002":0,"1004":0,"1007":28,"1008":0,"1009":0,"1010":0,"1011":0,"1012":0,"1015":0,"1019":28,"1020":12,"1021":12,"1022":12,"1023":12,"1024":0,"1025":0,"1026":0,"1032":0,"1037":12,"1038":12,"1039":0,"1040":0,"1041":0,"1042":0,"1046":12,"1047":12,"1048":12,"1052":28,"1053":6,"1054":6,"1055":6,"1056":6,"1057":2,"1061":6,"1062":6,"1063":6,"1067":28,"1068":13,"1069":13,"1070":13,"1071":13,"1072":13,"1073":13,"1074":13,"1075":13,"1076":13,"1077":13,"1078":13,"1079":13,"1080":13,"1081":13,"1082":13,"1083":13,"1084":13,"1085":13,"1086":13,"1088":0,"1089":0,"1092":13,"1093":13,"1094":13,"1095":13,"1096":1,"1098":12,"1100":13,"1101":13,"1102":13,"1105":28,"1108":17,"1109":4,"1110":4,"1111":4,"1112":4,"1116":17,"1117":17,"1118":1,"1119":1,"1120":1,"1121":1,"1122":16,"1123":1,"1124":1,"1125":1,"1126":1,"1127":1,"1130":15,"1131":15,"1136":28,"1138":0,"1139":0,"1140":0,"1141":0,"1142":0,"1143":0,"1144":0,"1146":0,"1147":0,"1149":0,"1150":0,"1152":0,"1156":28,"1158":0,"1159":0,"1160":0,"1166":0,"1167":0,"1168":0,"1172":0,"1173":0,"1174":0,"1175":0,"1177":0,"1180":0,"1181":0,"1182":0,"1183":0,"1188":0,"1190":0,"1191":0,"1192":0,"1197":28,"1198":0,"1201":28,"1203":1,"1204":1,"1205":1,"1207":1,"1208":1,"1212":28,"1214":0,"1215":0,"1216":0,"1217":0,"1218":0,"1219":0,"1223":28,"1224":1,"1225":1,"1226":1,"1227":1,"1228":1,"1229":1,"1230":1,"1232":0,"1234":1,"1237":1,"1238":1,"1239":0,"1241":1,"1244":1,"1245":0,"1246":0,"1249":1,"1250":0,"1253":1,"1254":1,"1255":1,"1256":1,"1257":1,"1258":1,"1259":1,"1260":0,"1261":0,"1263":1,"1264":1,"1267":1,"1275":28,"1276":0,"1277":0,"1278":0,"1279":0,"1281":0,"1282":0,"1283":0,"1284":0,"1287":28,"1289":28,"1290":0,"1291":0,"1292":0,"1293":0,"1294":0,"1295":0,"1297":0,"1300":0,"1301":0,"1302":0,"1306":0,"1310":28,"1311":0,"1312":0,"1313":0,"1314":0,"1315":0,"1316":0,"1317":0,"1318":0,"1319":0,"1323":0,"1324":0,"1325":0,"1326":0,"1328":0,"1331":0,"1332":0,"1334":0,"1341":28,"1343":0,"1344":0,"1345":0,"1346":0,"1347":0,"1348":0,"1353":28,"1355":0,"1357":0,"1358":0,"1359":0,"1360":0,"1361":0,"1362":0,"1363":0,"1365":0,"1368":0,"1369":0,"1371":0,"1372":0,"1373":0,"1379":28,"1380":5,"1381":5,"1382":5,"1383":5,"1384":5,"1385":5,"1386":5,"1387":5,"1388":0,"1389":0,"1391":5,"1392":5,"1394":5,"1398":28,"1401":5,"1403":5,"1404":5,"1405":5,"1406":5,"1407":3,"1408":3,"1409":3,"1411":2,"1412":2,"1413":2,"1416":5,"1417":3,"1420":5,"1422":5,"1427":28,"1428":7,"1429":7,"1430":0,"1431":0,"1433":7,"1434":7,"1436":7,"1442":28,"1443":5,"1444":5,"1445":0,"1446":0,"1448":5,"1449":5,"1451":5,"1459":28,"1460":10,"1461":10,"1462":10,"1463":6,"1464":6,"1465":4,"1466":1,"1467":1,"1468":3,"1469":1,"1470":1,"1471":2,"1472":1,"1473":1,"1475":1,"1476":1,"1485":28,"1486":7,"1487":7,"1488":1,"1489":1,"1490":1,"1492":6,"1493":6,"1495":7,"1502":28,"1503":5,"1504":2,"1505":2,"1507":3,"1508":3,"1513":28,"1514":0,"1515":0,"1516":0,"1517":0,"1518":0,"1519":0,"1520":0,"1521":0,"1522":0,"1524":0,"1525":0,"1527":0,"1528":0,"1529":0,"1530":0,"1531":0,"1532":0,"1533":0,"1534":0,"1536":0,"1537":0,"1538":0,"1541":0,"1549":28,"1551":5,"1552":0,"1553":0,"1554":0,"1555":0,"1559":0,"1560":0,"1562":0,"1563":0,"1564":0,"1567":5,"1576":28,"1578":0,"1579":0,"1580":0,"1582":0,"1583":0,"1584":0,"1586":0,"1587":0,"1588":0,"1589":0,"1591":0,"1592":0,"1594":0,"1595":0,"1596":0,"1597":0,"1598":0,"1599":0,"1600":0,"1601":0,"1602":0,"1603":0,"1606":0,"1607":0,"1608":0,"1609":0,"1612":0,"1613":0,"1614":0,"1617":0,"1618":0,"1619":0,"1620":0,"1624":0,"1625":0,"1626":0,"1627":0,"1628":0,"1629":0,"1630":0,"1631":0,"1632":0,"1633":0,"1636":0,"1637":0,"1638":0,"1639":0,"1640":0,"1645":1,"1646":0,"1647":0,"1648":0,"1649":0,"1650":0,"1651":0,"1652":0,"1655":0,"1658":1,"1659":0,"1662":28,"1663":0,"1664":0,"1665":0,"1669":28,"1670":0,"1671":0,"1672":0,"1675":28,"1676":11,"1677":11,"1678":11,"1681":28,"1682":0,"1683":0,"1692":0,"1699":28,"1700":0,"1701":0,"1702":0,"1703":0,"1706":0,"1707":0,"1708":0,"1710":0}}}
